$GNRMC,203430.00,A,4220.87846,N,07106.36841,W,0.035,,081124,,,A,V*01

$GNVTG,,T,,M,0.035,N,0.064,K,A*39

$GNGGA,203430.00,4220.87846,N,07106.36841,W,1,12,1.10,23.8,M,-33.2,M,,*4A

$GNGSA,A,3,04,16,26,27,31,,,,,,,,2.12,1.10,1.81,1*08

$GNGSA,A,3,74,75,72,,,,,,,,,,2.12,1.10,1.81,2*0F

$GNGSA,A,3,04,06,09,,,,,,,,,,2.12,1.10,1.81,3*01

$GNGSA,A,3,35,,,,,,,,,,,,2.12,1.10,1.81,4*0B

$GNGSA,A,3,,,,,,,,,,,,,2.12,1.10,1.81,5*0C

$GPGSV,3,1,11,03,10,232,14,04,62,278,32,07,06,292,21,08,15,189,21,1*6A

$GPGSV,3,2,11,09,35,308,16,16,85,346,25,18,05,073,15,26,52,054,28,1*6E

$GPGSV,3,3,11,27,39,165,40,28,15,105,25,31,44,093,31,1*5A

$GPGSV,1,1,01,04,62,278,15,5*58

$GPGSV,1,1,03,08,15,189,13,26,52,054,15,27,39,165,19,6*5D

$GPGSV,1,1,01,29,03,031,,0*5E

$GLGSV,2,1,08,65,50,291,17,66,14,334,31,72,37,203,36,73,06,068,08,1*7B

$GLGSV,2,2,08,74,43,045,32,75,57,309,30,76,10,264,13,83,13,025,13,1*73

$GLGSV,1,1,01,75,57,309,08,3*49

$GLGSV,1,1,02,84,24,088,,85,07,138,,0*71

$GAGSV,1,1,02,04,33,161,29,06,56,179,22,2*77

$GAGSV,2,1,06,04,33,161,37,05,33,311,16,06,56,179,41,09,71,231,31,7*73

$GAGSV,2,2,06,24,40,241,16,31,83,011,15,7*7A

$GAGSV,1,1,02,13,01,021,,26,05,068,,0*79

$GBGSV,1,1,01,35,14,043,45,1*42

$GQGSV,1,1,00,0*64

$GNGLL,4220.87846,N,07106.36841,W,203430.00,A,A*6A

$GNRMC,203431.00,A,4220.87853,N,07106.36850,W,0.039,,081124,,,A,V*08

$GNVTG,,T,,M,0.039,N,0.073,K,A*33

$GNGGA,203431.00,4220.87853,N,07106.36850,W,1,12,1.10,23.7,M,-33.2,M,,*40

$GNGSA,A,3,04,16,26,27,31,,,,,,,,2.12,1.10,1.81,1*08

$GNGSA,A,3,74,75,72,,,,,,,,,,2.12,1.10,1.81,2*0F

$GNGSA,A,3,04,06,09,,,,,,,,,,2.12,1.10,1.81,3*01

$GNGSA,A,3,35,,,,,,,,,,,,2.12,1.10,1.81,4*0B

$GNGSA,A,3,,,,,,,,,,,,,2.12,1.10,1.81,5*0C

$GPGSV,3,1,11,03,10,232,14,04,62,278,32,07,06,292,20,08,15,189,20,1*6A

$GPGSV,3,2,11,09,35,308,16,16,85,346,25,18,05,073,15,26,52,054,28,1*6E

$GPGSV,3,3,11,27,39,165,40,28,15,105,25,31,44,093,32,1*59

$GPGSV,1,1,04,04,62,278,13,08,15,189,12,26,52,054,14,27,39,165,19,6*65

$GPGSV,1,1,01,29,03,031,,0*5E

$GLGSV,2,1,07,65,50,291,17,66,14,334,32,72,37,203,36,74,43,045,32,1*77

$GLGSV,2,2,07,75,57,309,30,76,10,264,13,83,13,025,13,1*48

$GLGSV,1,1,03,73,06,068,,84,24,088,,85,07,138,,0*4C

$GAGSV,1,1,02,04,33,161,29,06,56,179,22,2*77

$GAGSV,2,1,06,04,33,161,37,05,33,311,16,06,56,179,41,09,71,231,31,7*73

$GAGSV,2,2,06,24,40,241,16,31,83,011,16,7*79

$GAGSV,1,1,02,13,01,021,,26,05,068,,0*79

$GBGSV,1,1,01,35,14,043,45,1*42

$GQGSV,1,1,00,0*64

$GNGLL,4220.87853,N,07106.36850,W,203431.00,A,A*6F

$GNRMC,203432.00,A,4220.87860,N,07106.36858,W,0.051,,081124,,,A,V*0D

$GNVTG,,T,,M,0.051,N,0.094,K,A*34

$GNGGA,203432.00,4220.87860,N,07106.36858,W,1,12,1.10,23.7,M,-33.2,M,,*4B

$GNGSA,A,3,04,16,26,27,31,,,,,,,,2.12,1.10,1.81,1*08

$GNGSA,A,3,74,75,72,,,,,,,,,,2.12,1.10,1.81,2*0F

$GNGSA,A,3,04,06,09,,,,,,,,,,2.12,1.10,1.81,3*01

$GNGSA,A,3,35,,,,,,,,,,,,2.12,1.10,1.81,4*0B

$GNGSA,A,3,,,,,,,,,,,,,2.12,1.10,1.81,5*0C

$GPGSV,3,1,11,03,10,232,15,04,62,278,32,07,06,292,19,08,15,189,20,1*61

$GPGSV,3,2,11,09,35,308,16,16,85,346,26,18,05,073,15,26,52,054,28,1*6D

$GPGSV,3,3,11,27,39,165,40,28,15,105,25,31,44,093,31,1*5A

$GPGSV,1,1,04,04,62,278,13,08,15,189,12,26,52,054,11,27,39,165,19,6*60

$GPGSV,1,1,01,29,03,031,,0*5E

$GLGSV,2,1,07,65,50,291,19,66,14,334,32,72,37,203,35,74,43,045,31,1*79

$GNTXT,01,01,01,NMEA unknown msg*46

$GLGSV,2,2,07,75,57,309,30,76,10,264,16,83,13,025,14,1*4A

$GLGSV,1,1,03,73,06,068,,84,24,088,,85,07,138,,0*4C

$GAGSV,1,1,02,04,33,161,29,06,56,179,21,2*74

$GAGSV,2,1,06,04,33,161,36,05,33,311,16,06,56,179,41,09,71,231,31,7*72

$GAGSV,2,2,06,24,40,241,15,31,83,011,17,7*7B

$GAGSV,1,1,02,13,01,021,,26,05,068,,0*79

$GBGSV,1,1,01,35,14,043,45,1*42

$GQGSV,1,1,00,0*64

$GNGLL,4220.87860,N,07106.36858,W,203432.00,A,A*64

$GNRMC,203433.00,A,4220.87867,N,07106.36868,W,0.016,,081124,,,A,V*0B

$GNVTG,,T,,M,0.016,N,0.029,K,A*31

$GNGGA,203433.00,4220.87867,N,07106.36868,W,1,12,1.10,23.6,M,-33.2,M,,*4F

$GNGSA,A,3,04,16,26,27,31,,,,,,,,2.12,1.10,1.81,1*08

$GNGSA,A,3,74,75,72,,,,,,,,,,2.12,1.10,1.81,2*0F

$GNGSA,A,3,04,06,09,,,,,,,,,,2.12,1.10,1.81,3*01

$GNGSA,A,3,35,,,,,,,,,,,,2.12,1.10,1.81,4*0B

$GNGSA,A,3,,,,,,,,,,,,,2.12,1.10,1.81,5*0C

$GPGSV,3,1,11,03,10,232,16,04,62,278,32,07,07,292,19,08,15,189,19,1*69

$GPGSV,3,2,11,09,35,308,17,16,85,346,26,18,05,073,16,26,52,054,28,1*6F

$GPGSV,3,3,11,27,39,165,40,28,15,105,24,31,44,093,31,1*5B

$GPGSV,1,1,04,04,62,278,13,08,15,189,12,26,52,054,10,27,39,165,19,6*61

$GPGSV,1,1,01,29,03,031,,0*5E

$GLGSV,2,1,07,65,50,291,19,66,14,334,31,72,37,203,35,74,43,045,31,1*7A

$GLGSV,2,2,07,75,57,309,30,76,10,264,18,83,13,025,15,1*45

$GLGSV,1,1,03,73,06,068,,84,24,088,,85,07,138,,0*4C

$GAGSV,1,1,02,04,33,161,28,06,56,179,20,2*74

$GAGSV,2,1,06,04,33,161,37,05,33,311,16,06,56,179,41,09,71,231,32,7*70

$GAGSV,2,2,06,24,40,241,16,31,83,011,18,7*77

$GAGSV,1,1,02,13,01,021,,26,05,068,,0*79

$GBGSV,1,1,01,35,14,043,45,1*42

$GBGSV,1,1,01,35,14,043,16,B*37

$GQGSV,1,1,00,0*64

$GNGLL,4220.87867,N,07106.36868,W,203433.00,A,A*61

$GNRMC,203434.00,A,4220.87872,N,07106.36875,W,0.018,,081124,,,A,V*0A

$GNVTG,,T,,M,0.018,N,0.033,K,A*34

$GNGGA,203434.00,4220.87872,N,07106.36875,W,1,12,1.10,23.6,M,-33.2,M,,*40

$GNGSA,A,3,04,16,26,27,31,,,,,,,,2.12,1.10,1.81,1*08

$GNGSA,A,3,74,75,72,,,,,,,,,,2.12,1.10,1.81,2*0F

$GNGSA,A,3,04,06,09,,,,,,,,,,2.12,1.10,1.81,3*01

$GNGSA,A,3,35,,,,,,,,,,,,2.12,1.10,1.81,4*0B

$GNGSA,A,3,,,,,,,,,,,,,2.12,1.10,1.81,5*0C

$GPGSV,3,1,11,03,10,232,17,04,62,278,32,07,07,292,19,08,15,189,22,1*60

$GPGSV,3,2,11,09,35,308,19,16,85,346,26,18,05,073,16,26,52,054,29,1*60

$GPGSV,3,3,11,27,39,165,40,28,15,105,25,31,44,093,31,1*5A

$GPGSV,1,1,04,04,62,278,12,08,15,189,10,26,52,054,09,27,39,165,19,6*6A

$GPGSV,1,1,01,29,03,031,,0*5E

$GLGSV,2,1,07,65,50,291,19,66,14,334,31,72,37,203,35,74,43,045,31,1*7A

$GLGSV,2,2,07,75,57,309,29,76,10,264,20,83,13,025,15,1*46

$GLGSV,1,1,01,75,57,309,16,3*46

$GLGSV,1,1,03,73,06,068,,84,24,088,,85,07,138,,0*4C

$GAGSV,1,1,02,04,33,161,28,06,56,179,19,2*7E

$GAGSV,2,1,06,04,33,161,37,05,33,311,17,06,56,179,41,09,71,231,32,7*71

$GAGSV,2,2,06,24,40,241,17,31,83,011,19,7*77

$GAGSV,1,1,02,13,01,021,,26,05,068,,0*79

$GBGSV,1,1,01,35,14,043,45,1*42

$GBGSV,1,1,01,35,14,043,13,B*32

$GQGSV,1,1,00,0*64

$GNGLL,4220.87872,N,07106.36875,W,203434.00,A,A*6E

$GNRMC,203435.00,A,4220.87877,N,07106.36879,W,0.024,,081124,,,A,V*0D

$GNVTG,,T,,M,0.024,N,0.044,K,A*3B

$GNGGA,203435.00,4220.87877,N,07106.36879,W,1,12,1.10,23.5,M,-33.2,M,,*4B

$GNGSA,A,3,04,09,16,26,27,31,,,,,,,2.12,1.10,1.81,1*01

$GNGSA,A,3,74,75,72,,,,,,,,,,2.12,1.10,1.81,2*0F

$GNGSA,A,3,04,06,09,,,,,,,,,,2.12,1.10,1.81,3*01

$GNGSA,A,3,35,,,,,,,,,,,,2.12,1.10,1.81,4*0B

$GNGSA,A,3,,,,,,,,,,,,,2.12,1.10,1.81,5*0C

$GPGSV,3,1,11,03,10,232,18,04,62,278,32,07,07,292,20,08,15,189,26,1*61

$GPGSV,3,2,11,09,36,308,20,16,85,346,27,18,05,073,17,26,52,054,29,1*69

$GPGSV,3,3,11,27,39,165,40,28,15,105,25,31,44,093,30,1*5B

$GPGSV,1,1,04,04,62,278,11,08,15,189,09,26,52,054,11,27,39,165,19,6*68

$GPGSV,1,1,01,29,03,031,,0*5E

$GLGSV,2,1,08,65,50,291,19,66,14,334,30,72,37,203,35,74,43,045,32,1*77

$GLGSV,2,2,08,75,57,309,29,76,10,264,19,83,13,025,11,85,07,138,19,1*7F

$GLGSV,1,1,01,75,57,309,15,3*45

$GLGSV,1,1,02,73,06,068,,84,24,088,,0*7D

$GAGSV,1,1,02,04,33,161,28,06,56,179,19,2*7E

$GAGSV,2,1,06,04,33,161,36,05,33,311,16,06,56,179,40,09,71,231,32,7*70

$GAGSV,2,2,06,24,40,241,17,31,83,011,20,7*7D

$GAGSV,1,1,02,13,01,021,,26,05,068,,0*79

$GBGSV,1,1,01,35,14,043,45,1*42

$GBGSV,1,1,01,35,14,043,09,B*39

$GQGSV,1,1,00,0*64

$GNGLL,4220.87877,N,07106.36879,W,203435.00,A,A*66

$GNRMC,203436.00,A,4220.87882,N,07106.36887,W,0.066,,081124,,,A,V*03

$GNVTG,,T,,M,0.066,N,0.122,K,A*3C

$GNGGA,203436.00,4220.87882,N,07106.36887,W,1,12,1.10,23.5,M,-33.2,M,,*43

$GNGSA,A,3,04,09,16,26,27,31,,,,,,,2.12,1.10,1.81,1*01

$GNGSA,A,3,74,75,72,,,,,,,,,,2.12,1.10,1.81,2*0F

$GNGSA,A,3,04,06,09,,,,,,,,,,2.12,1.10,1.81,3*01

$GNGSA,A,3,35,,,,,,,,,,,,2.12,1.10,1.81,4*0B

$GNGSA,A,3,,,,,,,,,,,,,2.12,1.10,1.81,5*0C

$GPGSV,3,1,11,03,10,232,19,04,62,278,33,07,07,292,20,08,15,189,26,1*61

$GPGSV,3,2,11,09,36,308,21,16,85,346,27,18,05,073,18,26,52,054,29,1*67

$GPGSV,3,3,11,27,39,165,40,28,15,105,26,31,44,093,30,1*58

$GPGSV,1,1,04,04,62,278,09,08,15,189,11,26,52,054,13,27,39,165,20,6*60

$GPGSV,1,1,01,29,03,031,,0*5E

$GLGSV,2,1,08,65,50,291,19,66,14,334,28,72,37,203,34,74,43,045,31,1*7C

$GLGSV,2,2,08,75,57,309,29,76,10,264,19,83,13,025,10,85,07,138,19,1*7E

$GLGSV,1,1,01,75,57,309,14,3*44

$GLGSV,1,1,02,73,06,068,,84,24,088,,0*7D

$GAGSV,1,1,02,04,33,161,27,06,56,179,17,2*7F

$GAGSV,2,1,06,04,33,161,36,05,33,311,17,06,56,179,40,09,71,231,32,7*71

$GAGSV,2,2,06,24,40,241,17,31,83,011,21,7*7C

$GAGSV,1,1,02,13,01,021,,26,05,068,,0*79

$GBGSV,1,1,01,35,14,043,45,1*42

$GBGSV,1,1,01,35,14,043,08,B*38

$GQGSV,1,1,00,0*64

$GNGLL,4220.87882,N,07106.36887,W,203436.00,A,A*6E

$GNRMC,203437.00,A,4220.87888,N,07106.36894,W,0.035,,081124,,,A,V*0C

$GNVTG,,T,,M,0.035,N,0.065,K,A*38

$GNGGA,203437.00,4220.87888,N,07106.36894,W,1,12,1.10,23.5,M,-33.2,M,,*4A

$GNGSA,A,3,04,09,16,26,27,31,,,,,,,2.12,1.10,1.81,1*01

$GNGSA,A,3,74,75,72,,,,,,,,,,2.12,1.10,1.81,2*0F

$GNGSA,A,3,04,06,09,,,,,,,,,,2.12,1.10,1.81,3*01

$GNGSA,A,3,35,,,,,,,,,,,,2.12,1.10,1.81,4*0B

$GNGSA,A,3,,,,,,,,,,,,,2.12,1.10,1.81,5*0C

$GPGSV,3,1,11,03,10,232,21,04,62,278,33,07,07,292,20,08,15,189,24,1*68

$GPGSV,3,2,11,09,36,308,20,16,85,346,26,18,05,073,18,26,52,054,29,1*67

$GPGSV,3,3,11,27,39,165,40,28,15,105,26,31,44,093,30,1*58

$GPGSV,1,1,04,04,62,278,08,08,15,189,10,26,52,054,13,27,39,165,19,6*6A

$GPGSV,1,1,01,29,03,031,,0*5E

$GLGSV,2,1,07,65,50,291,19,66,14,334,26,72,37,203,34,74,43,045,31,1*7D

$GLGSV,2,2,07,75,57,309,29,76,10,264,17,85,07,138,20,1*4A

$GLGSV,1,1,01,75,57,309,13,3*43

$GLGSV,1,1,03,73,06,068,,83,13,025,,84,24,088,,0*42

$GAGSV,1,1,02,04,33,161,27,06,56,179,18,2*70

$GAGSV,2,1,06,04,33,161,36,05,33,311,17,06,56,179,40,09,71,231,32,7*71

$GAGSV,2,2,06,24,40,241,16,31,83,011,21,7*7D

$GAGSV,1,1,02,13,01,021,,26,05,068,,0*79

$GBGSV,1,1,01,35,14,043,45,1*42

$GBGSV,1,1,01,35,14,043,08,B*38

$GQGSV,1,1,00,0*64

$GNGLL,4220.87888,N,07106.36894,W,203437.00,A,A*67

$GNRMC,203438.00,A,4220.87894,N,07106.36904,W,0.023,,081124,,,A,V*01

$GNVTG,,T,,M,0.023,N,0.043,K,A*3B

$GNGGA,203438.00,4220.87894,N,07106.36904,W,1,12,0.89,23.3,M,-33.2,M,,*47

$GNGSA,A,3,04,09,16,26,27,31,,,,,,,1.81,0.89,1.58,1*0D

$GNGSA,A,3,74,75,72,,,,,,,,,,1.81,0.89,1.58,2*03

$GNGSA,A,3,04,06,09,,,,,,,,,,1.81,0.89,1.58,3*0D

$GNGSA,A,3,35,,,,,,,,,,,,1.81,0.89,1.58,4*07

$GNGSA,A,3,,,,,,,,,,,,,1.81,0.89,1.58,5*00

$GPGSV,3,1,11,03,10,232,22,04,62,278,33,07,07,292,19,08,15,189,23,1*66

$GPGSV,3,2,11,09,36,308,20,16,85,346,26,18,05,073,18,26,52,054,28,1*66

$GPGSV,3,3,11,27,39,165,40,28,15,105,26,31,44,093,30,1*58

$GPGSV,1,1,03,08,15,189,09,26,52,054,10,27,39,165,18,6*52

$GPGSV,1,1,01,29,03,031,,0*5E

$GLGSV,2,1,07,65,50,291,19,66,14,334,23,72,37,203,34,74,43,045,32,1*7B

$GLGSV,2,2,07,75,57,309,29,76,10,264,15,85,07,138,20,1*48

$GLGSV,1,1,01,75,57,309,13,3*43

$GLGSV,1,1,03,73,06,068,,83,13,025,,84,24,088,,0*42

$GAGSV,1,1,02,04,33,161,27,06,56,179,19,2*71

$GAGSV,2,1,06,04,33,161,36,05,33,311,17,06,56,179,40,09,71,231,32,7*71

$GAGSV,2,2,06,24,40,241,15,31,83,011,20,7*7F

$GAGSV,1,1,02,13,01,021,,26,05,068,,0*79

$GBGSV,1,1,01,35,14,043,45,1*42

$GBGSV,1,1,01,35,14,043,08,B*38

$GQGSV,1,1,00,0*64

$GNGLL,4220.87894,N,07106.36904,W,203438.00,A,A*6D

$GNRMC,203439.00,A,4220.87899,N,07106.36912,W,0.021,,081124,,,A,V*08

$GNVTG,,T,,M,0.021,N,0.039,K,A*34

$GNGGA,203439.00,4220.87899,N,07106.36912,W,1,12,0.89,23.2,M,-33.2,M,,*4D

$GNGSA,A,3,04,09,16,26,27,31,,,,,,,1.81,0.89,1.58,1*0D

$GNGSA,A,3,74,75,72,,,,,,,,,,1.81,0.89,1.58,2*03

$GNGSA,A,3,04,06,09,,,,,,,,,,1.81,0.89,1.58,3*0D

$GNGSA,A,3,35,,,,,,,,,,,,1.81,0.89,1.58,4*07

$GNGSA,A,3,,,,,,,,,,,,,1.81,0.89,1.58,5*00

$GPGSV,3,1,11,03,10,232,24,04,62,278,34,07,07,292,19,08,15,189,22,1*66

$GPGSV,3,2,11,09,36,308,20,16,85,346,26,18,05,073,18,26,52,054,28,1*66

$GPGSV,3,3,11,27,39,165,40,28,15,105,26,31,44,093,29,1*50

$GPGSV,1,1,01,27,39,165,19,6*57

$GPGSV,1,1,01,29,03,031,,0*5E

$GLGSV,2,1,07,65,50,291,19,66,14,334,18,72,37,203,34,74,43,045,32,1*73

$GLGSV,2,2,07,75,57,309,29,76,10,264,14,85,07,138,20,1*49

$GLGSV,1,1,01,75,57,309,13,3*43

$GLGSV,1,1,03,73,06,068,,83,13,025,,84,24,088,,0*42

$GAGSV,1,1,02,04,33,161,28,06,56,179,19,2*7E

$GAGSV,2,1,06,04,33,161,36,05,33,311,17,06,56,179,40,09,71,231,32,7*71

$GAGSV,2,2,06,24,40,241,14,31,83,011,20,7*7E

$GAGSV,1,1,02,13,01,021,,26,05,068,,0*79

$GBGSV,1,1,01,35,14,043,45,1*42

$GBGSV,1,1,01,35,14,043,08,B*38

$GQGSV,1,1,00,0*64

$GNGLL,4220.87899,N,07106.36912,W,203439.00,A,A*66

$GNRMC,203440.00,A,4220.87903,N,07106.36917,W,0.076,,081124,,,A,V*03

$GNVTG,,T,,M,0.076,N,0.141,K,A*38

$GNGGA,203440.00,4220.87903,N,07106.36917,W,1,12,0.89,23.1,M,-33.2,M,,*47

$GNGSA,A,3,04,09,16,26,27,31,,,,,,,1.81,0.89,1.58,1*0D

$GNGSA,A,3,74,75,72,,,,,,,,,,1.81,0.89,1.58,2*03

$GNGSA,A,3,04,06,09,,,,,,,,,,1.81,0.89,1.58,3*0D

$GNGSA,A,3,35,,,,,,,,,,,,1.81,0.89,1.58,4*07

$GNGSA,A,3,,,,,,,,,,,,,1.81,0.89,1.58,5*00

$GPGSV,3,1,11,03,10,232,23,04,62,278,34,07,07,292,19,08,15,189,23,1*60

$GPGSV,3,2,11,09,36,308,21,16,85,346,26,18,05,073,18,26,52,054,28,1*67

$GPGSV,3,3,11,27,39,165,40,28,15,105,25,31,44,093,29,1*53

$GPGSV,1,1,01,27,39,165,20,6*5D

$GPGSV,1,1,01,29,03,031,,0*5E

$GLGSV,2,1,07,65,50,291,18,66,14,334,16,72,37,203,34,74,43,045,31,1*7F

$GLGSV,2,2,07,75,57,309,28,76,10,264,15,85,07,138,21,1*48

$GLGSV,1,1,01,75,57,309,15,3*45

$GLGSV,1,1,03,73,06,068,,83,13,025,,84,24,088,,0*42

$GAGSV,1,1,02,04,33,161,27,06,56,179,19,2*71

$GAGSV,2,1,06,04,33,161,36,05,33,311,17,06,56,179,40,09,71,231,32,7*71

$GAGSV,2,2,06,24,40,241,14,31,83,011,19,7*74

$GAGSV,1,1,02,13,01,021,,26,05,068,,0*79

$GBGSV,1,1,01,35,14,043,44,1*43

$GBGSV,1,1,01,35,14,043,08,B*38

$GQGSV,1,1,00,0*64

$GNGLL,4220.87903,N,07106.36917,W,203440.00,A,A*6F

$GNRMC,203441.00,A,4220.87906,N,07106.36921,W,0.084,,081124,,,A,V*0F

$GNVTG,,T,,M,0.084,N,0.155,K,A*30

$GNGGA,203441.00,4220.87906,N,07106.36921,W,1,12,0.89,23.1,M,-33.2,M,,*46

$GNGSA,A,3,04,09,16,26,27,31,,,,,,,1.81,0.89,1.58,1*0D

$GNGSA,A,3,74,75,72,,,,,,,,,,1.81,0.89,1.58,2*03

$GNGSA,A,3,04,06,09,,,,,,,,,,1.81,0.89,1.58,3*0D

$GNGSA,A,3,35,,,,,,,,,,,,1.81,0.89,1.58,4*07

$GNGSA,A,3,,,,,,,,,,,,,1.81,0.89,1.58,5*00

$GPGSV,3,1,11,03,10,232,23,04,62,278,34,07,07,292,18,08,15,189,25,1*67

$GPGSV,3,2,11,09,36,308,22,16,85,346,25,18,05,073,18,26,52,054,27,1*68

$GPGSV,3,3,11,27,39,165,40,28,15,105,26,31,44,093,29,1*50

$GPGSV,1,1,01,27,39,165,21,6*5C

$GPGSV,1,1,01,29,03,031,,0*5E

$GLGSV,2,1,07,65,50,291,17,66,14,334,22,72,37,203,34,74,43,045,31,1*77

$GLGSV,2,2,07,75,57,309,27,76,10,264,17,85,07,138,21,1*45

$GLGSV,1,1,01,75,57,309,16,3*46

$GLGSV,1,1,03,73,06,068,,83,13,025,,84,24,088,,0*42

$GAGSV,1,1,02,04,33,161,27,06,56,179,17,2*7F

$GAGSV,2,1,06,04,33,161,36,05,33,311,17,06,56,179,40,09,71,231,33,7*70

$GAGSV,2,2,06,24,40,241,14,31,83,011,19,7*74

$GAGSV,1,1,02,13,01,021,,26,05,068,,0*79

$GBGSV,1,1,01,35,14,043,44,1*43

$GBGSV,1,1,01,35,14,043,09,B*39

$GQGSV,1,1,00,0*64

$GNGLL,4220.87906,N,07106.36921,W,203441.00,A,A*6E

$GNRMC,203442.00,A,4220.87909,N,07106.36924,W,0.050,,081124,,,A,V*0F

$GNVTG,,T,,M,0.050,N,0.093,K,A*32

$GNGGA,203442.00,4220.87909,N,07106.36924,W,1,12,0.89,23.1,M,-33.2,M,,*4F

$GNGSA,A,3,04,09,16,26,27,31,,,,,,,1.81,0.89,1.58,1*0D

$GNGSA,A,3,74,75,72,,,,,,,,,,1.81,0.89,1.58,2*03

$GNGSA,A,3,04,06,09,,,,,,,,,,1.81,0.89,1.58,3*0D

$GNGSA,A,3,35,,,,,,,,,,,,1.81,0.89,1.58,4*07

$GNGSA,A,3,,,,,,,,,,,,,1.81,0.89,1.58,5*00

$GPGSV,3,1,11,03,10,232,23,04,62,278,34,07,07,292,18,08,15,189,24,1*66

$GPGSV,3,2,11,09,36,308,22,16,85,353,25,18,05,073,19,26,52,054,26,1*6C

$GPGSV,3,3,11,27,39,165,40,28,15,105,26,31,44,093,29,1*50

$GPGSV,1,1,01,26,52,054,15,5*57

$GPGSV,1,1,01,27,39,165,22,6*5F

$GPGSV,1,1,01,29,03,031,,0*5E

$GLGSV,2,1,07,65,50,291,18,66,14,334,26,72,37,203,34,74,43,045,31,1*7C

$GLGSV,2,2,07,75,57,309,27,76,10,264,20,85,07,138,21,1*41

$GLGSV,1,1,01,75,57,309,16,3*46

$GLGSV,1,1,03,73,06,068,,83,13,025,,84,24,088,,0*42

$GAGSV,1,1,02,04,33,161,28,06,56,179,17,2*70

$GAGSV,2,1,06,04,33,161,36,05,33,311,18,06,56,179,40,09,71,231,33,7*7F

$GAGSV,2,2,06,24,40,241,15,31,83,011,20,7*7F

$GAGSV,1,1,02,13,01,021,,26,05,068,,0*79

$GBGSV,1,1,01,35,14,043,45,1*42

$GBGSV,1,1,01,35,14,043,11,B*30

$GQGSV,1,1,00,0*64

$GNGLL,4220.87909,N,07106.36924,W,203442.00,A,A*67

$GNRMC,203443.00,A,4220.87912,N,07106.36926,W,0.023,,081124,,,A,V*02

$GNVTG,,T,,M,0.023,N,0.043,K,A*3B

$GNGGA,203443.00,4220.87912,N,07106.36926,W,1,12,0.89,23.2,M,-33.2,M,,*45

$GNGSA,A,3,04,09,16,26,27,31,,,,,,,1.81,0.89,1.58,1*0D

$GNGSA,A,3,74,75,72,,,,,,,,,,1.81,0.89,1.58,2*03

$GNGSA,A,3,04,06,09,,,,,,,,,,1.81,0.89,1.58,3*0D

$GNGSA,A,3,35,,,,,,,,,,,,1.81,0.89,1.58,4*07

$GNGSA,A,3,,,,,,,,,,,,,1.81,0.89,1.58,5*00

$GPGSV,3,1,11,03,10,232,23,04,62,278,33,07,07,292,18,08,15,189,23,1*66

$GPGSV,3,2,11,09,36,308,22,16,85,353,25,18,05,073,18,26,52,054,26,1*6D

$GPGSV,3,3,11,27,39,165,40,28,15,105,26,31,44,093,28,1*51

$GPGSV,1,1,02,26,52,054,15,27,39,165,22,6*6A

$GPGSV,1,1,01,29,03,031,,0*5E

$GLGSV,2,1,07,65,50,291,18,66,14,334,28,72,37,203,34,74,43,045,31,1*72

$GLGSV,2,2,07,75,57,309,27,76,10,264,21,85,07,138,20,1*41

$GLGSV,2,1,06,65,50,291,12,66,14,334,14,75,57,309,18,76,10,264,15,3*73

$GLGSV,2,2,06,83,13,025,16,85,07,138,14,3*70

$GLGSV,1,1,02,73,06,068,,84,24,088,,0*7D

$GAGSV,1,1,02,04,33,161,29,06,56,179,18,2*7E

$GAGSV,2,1,06,04,33,161,36,05,33,311,16,06,56,179,40,09,71,231,33,7*71

$GAGSV,2,2,06,24,40,241,16,31,83,011,20,7*7C

$GAGSV,1,1,02,13,01,021,,26,05,068,,0*79

$GBGSV,1,1,01,35,14,043,45,1*42

$GQGSV,1,1,00,0*64

$GNGLL,4220.87912,N,07106.36926,W,203443.00,A,A*6E

$GNRMC,203444.00,A,4220.87914,N,07106.36926,W,0.033,,081124,,,A,V*02

$GNVTG,,T,,M,0.033,N,0.062,K,A*39

$GNGGA,203444.00,4220.87914,N,07106.36926,W,1,12,0.89,23.2,M,-33.2,M,,*44

$GNGSA,A,3,04,09,16,26,27,31,,,,,,,1.81,0.89,1.58,1*0D

$GNGSA,A,3,74,75,72,,,,,,,,,,1.81,0.89,1.58,2*03

$GNGSA,A,3,04,06,09,,,,,,,,,,1.81,0.89,1.58,3*0D

$GNGSA,A,3,35,,,,,,,,,,,,1.81,0.89,1.58,4*07

$GNGSA,A,3,,,,,,,,,,,,,1.81,0.89,1.58,5*00

$GPGSV,3,1,11,03,10,232,24,04,62,278,33,07,07,292,18,08,15,189,23,1*61

$GPGSV,3,2,11,09,36,308,22,16,85,353,25,18,05,073,17,26,52,054,26,1*62

$GPGSV,3,3,11,27,39,165,40,28,15,105,26,31,44,093,29,1*50

$GPGSV,1,1,02,26,52,054,16,27,39,165,22,6*69

$GPGSV,1,1,01,29,03,031,,0*5E

$GLGSV,2,1,07,65,50,291,18,66,14,334,30,72,37,203,34,74,43,045,31,1*7B

$GLGSV,2,2,07,75,57,309,26,76,10,264,21,85,07,138,20,1*40

$GLGSV,2,1,07,65,50,291,12,66,14,334,13,74,43,045,15,75,57,309,18,3*70

$GLGSV,2,2,07,76,10,264,14,83,13,025,13,85,07,138,13,3*46

$GLGSV,1,1,02,73,06,068,,84,24,088,,0*7D

$GAGSV,1,1,02,04,33,161,28,06,56,179,18,2*7F

$GAGSV,2,1,06,04,33,161,37,05,33,311,17,06,56,179,40,09,71,231,33,7*71

$GAGSV,2,2,06,24,40,241,15,31,83,011,21,7*7E

$GAGSV,1,1,02,13,01,021,,26,05,068,,0*79

$GBGSV,1,1,01,35,14,043,45,1*42

$GBGSV,1,1,01,35,14,043,17,B*36

$GQGSV,1,1,00,0*64

$GNGLL,4220.87914,N,07106.36926,W,203444.00,A,A*6F

$GNRMC,203445.00,A,4220.87915,N,07106.36927,W,0.038,,081124,,,A,V*08

$GNVTG,,T,,M,0.038,N,0.071,K,A*30

$GNGGA,203445.00,4220.87915,N,07106.36927,W,1,12,0.89,23.2,M,-33.2,M,,*45

$GNGSA,A,3,04,09,16,26,27,31,,,,,,,1.81,0.89,1.58,1*0D

$GNGSA,A,3,74,75,72,,,,,,,,,,1.81,0.89,1.58,2*03

$GNGSA,A,3,04,06,09,,,,,,,,,,1.81,0.89,1.58,3*0D

$GNGSA,A,3,35,,,,,,,,,,,,1.81,0.89,1.58,4*07

$GNGSA,A,3,,,,,,,,,,,,,1.81,0.89,1.58,5*00

$GPGSV,3,1,11,03,10,232,23,04,62,278,33,07,07,292,18,08,15,189,23,1*66

$GPGSV,3,2,11,09,36,308,21,16,85,353,25,18,05,073,17,26,52,054,26,1*61

$GPGSV,3,3,11,27,39,165,40,28,15,105,25,31,44,093,30,1*5B

$GPGSV,1,1,02,04,62,278,14,08,15,189,13,5*64

$GPGSV,1,1,02,26,52,054,15,27,39,165,22,6*6A

$GPGSV,1,1,01,29,03,031,,0*5E

$GLGSV,2,1,07,65,50,291,18,66,14,334,30,72,37,203,33,74,43,045,31,1*7C

$GLGSV,2,2,07,75,57,309,26,76,10,264,20,85,07,138,20,1*41

$GLGSV,2,1,07,65,50,291,11,66,14,334,12,74,43,045,13,75,57,309,18,3*74

$GLGSV,2,2,07,76,10,264,10,83,13,025,10,85,07,138,10,3*42

$GLGSV,1,1,02,73,06,068,,84,24,088,,0*7D

$GAGSV,1,1,02,04,33,161,29,06,56,179,18,2*7E

$GAGSV,2,1,06,04,33,161,36,05,33,311,18,06,56,179,39,09,71,231,32,7*70

$GAGSV,2,2,06,24,40,241,14,31,83,011,21,7*7F

$GAGSV,1,1,02,13,01,021,,26,05,068,,0*79

$GBGSV,1,1,01,35,14,043,45,1*42

$GBGSV,1,1,01,35,14,043,14,B*35

$GQGSV,1,1,00,0*64

$GNGLL,4220.87915,N,07106.36927,W,203445.00,A,A*6E

$GNRMC,203446.00,A,4220.87916,N,07106.36929,W,0.021,,081124,,,A,V*0E

$GNVTG,,T,,M,0.021,N,0.039,K,A*34

$GNGGA,203446.00,4220.87916,N,07106.36929,W,1,12,0.89,23.2,M,-33.2,M,,*4B

$GNGSA,A,3,04,09,16,26,27,31,,,,,,,1.81,0.89,1.58,1*0D

$GNGSA,A,3,74,75,72,,,,,,,,,,1.81,0.89,1.58,2*03

$GNGSA,A,3,04,06,09,,,,,,,,,,1.81,0.89,1.58,3*0D

$GNGSA,A,3,35,,,,,,,,,,,,1.81,0.89,1.58,4*07

$GNGSA,A,3,,,,,,,,,,,,,1.81,0.89,1.58,5*00

$GPGSV,3,1,11,03,10,232,23,04,62,278,33,07,07,292,16,08,15,189,29,1*62

$GPGSV,3,2,11,09,36,308,21,16,85,353,25,18,05,073,16,26,52,054,27,1*61

$GPGSV,3,3,11,27,39,165,41,28,15,105,25,31,44,093,30,1*5A

$GPGSV,1,1,04,04,62,278,10,08,15,189,10,26,52,054,15,27,39,165,22,6*6D

$GPGSV,1,1,01,29,03,031,,0*5E

$GLGSV,2,1,07,65,50,291,17,66,14,334,29,72,37,203,29,74,43,045,31,1*70

$GLGSV,2,2,07,75,57,309,26,76,10,264,18,85,07,138,19,1*40

$GLGSV,2,1,07,65,50,291,09,66,14,334,10,74,43,045,11,75,57,309,18,3*7D

$GLGSV,2,2,07,76,10,264,08,83,13,025,08,85,07,138,08,3*4B

$GLGSV,1,1,02,73,06,068,,84,24,088,,0*7D

$GAGSV,1,1,02,04,33,161,28,06,56,179,17,2*70

$GAGSV,2,1,06,04,33,161,36,05,33,311,19,06,56,179,39,09,71,231,36,7*75

$GAGSV,2,2,06,24,40,241,13,31,83,011,21,7*78

$GAGSV,1,1,02,13,01,021,,26,05,068,,0*79

$GBGSV,1,1,01,35,14,043,46,1*41

$GBGSV,1,1,01,35,14,043,12,B*33

$GQGSV,1,1,00,0*64

$GNGLL,4220.87916,N,07106.36929,W,203446.00,A,A*60

$GNRMC,203447.00,A,4220.87918,N,07106.36931,W,0.118,,081124,,,A,V*03

$GNVTG,,T,,M,0.118,N,0.219,K,A*3F

$GNGGA,203447.00,4220.87918,N,07106.36931,W,1,12,0.89,23.2,M,-33.2,M,,*4D

$GNGSA,A,3,04,09,16,26,27,31,,,,,,,1.81,0.89,1.58,1*0D

$GNGSA,A,3,74,75,72,,,,,,,,,,1.81,0.89,1.58,2*03

$GNGSA,A,3,04,06,09,,,,,,,,,,1.81,0.89,1.58,3*0D

$GNGSA,A,3,35,,,,,,,,,,,,1.81,0.89,1.58,4*07

$GNGSA,A,3,,,,,,,,,,,,,1.81,0.89,1.58,5*00

$GPGSV,3,1,11,03,10,232,25,04,62,278,33,07,07,292,16,08,15,189,33,1*6F

$GPGSV,3,2,11,09,36,308,22,16,85,353,25,18,05,073,15,26,52,054,28,1*6E

$GPGSV,3,3,11,27,39,165,40,28,15,105,24,31,44,093,28,1*53

$GPGSV,1,1,03,04,62,278,07,26,52,054,11,27,39,165,20,6*57

$GPGSV,1,1,01,29,03,031,,0*5E

$GLGSV,2,1,07,65,50,291,17,66,14,334,29,72,37,203,31,74,43,045,30,1*78

$GLGSV,2,2,07,75,57,309,25,76,10,264,17,85,07,138,19,1*4C

$GLGSV,2,1,07,65,50,291,08,66,14,334,08,74,43,045,08,75,57,309,17,3*72

$GLGSV,2,2,07,76,10,264,08,83,13,025,07,85,07,138,07,3*4B

$GLGSV,1,1,02,73,06,068,,84,24,088,,0*7D

$GAGSV,1,1,02,04,33,161,29,06,56,179,18,2*7E

$GAGSV,2,1,06,04,33,161,36,05,33,311,19,06,56,179,39,09,71,231,33,7*70

$GAGSV,2,2,06,24,40,241,14,31,83,011,21,7*7F

$GAGSV,1,1,02,13,01,021,,26,05,068,,0*79

$GBGSV,1,1,01,35,14,043,45,1*42

$GBGSV,1,1,01,35,14,043,11,B*30

$GQGSV,1,1,00,0*64

$GNGLL,4220.87918,N,07106.36931,W,203447.00,A,A*66

$GNRMC,203448.00,A,4220.87919,N,07106.36931,W,0.034,,081124,,,A,V*02

$GNVTG,,T,,M,0.034,N,0.063,K,A*3F

$GNGGA,203448.00,4220.87919,N,07106.36931,W,1,12,0.89,23.2,M,-33.2,M,,*43

$GNGSA,A,3,04,09,16,26,27,31,,,,,,,1.81,0.89,1.58,1*0D

$GNGSA,A,3,74,75,72,,,,,,,,,,1.81,0.89,1.58,2*03

$GNGSA,A,3,04,06,09,,,,,,,,,,1.81,0.89,1.58,3*0D

$GNGSA,A,3,35,,,,,,,,,,,,1.81,0.89,1.58,4*07

$GNGSA,A,3,,,,,,,,,,,,,1.81,0.89,1.58,5*00

$GPGSV,3,1,11,03,10,232,26,04,62,278,33,07,07,292,16,08,15,189,28,1*66

$GPGSV,3,2,11,09,36,308,23,16,85,353,25,18,05,073,15,26,52,054,28,1*6F

$GPGSV,3,3,11,27,39,165,40,28,15,105,23,31,44,093,28,1*54

$GPGSV,1,1,03,04,62,278,07,26,52,054,08,27,39,165,19,6*55

$GPGSV,1,1,01,29,03,031,,0*5E

$GLGSV,2,1,07,65,50,291,16,66,14,334,28,72,37,203,31,74,43,045,30,1*78

$GLGSV,2,2,07,75,57,309,25,76,10,264,17,85,07,138,19,1*4C

$GLGSV,2,1,07,65,50,291,08,66,14,334,08,74,43,045,09,75,57,309,16,3*72

$GLGSV,2,2,07,76,10,264,08,83,13,025,07,85,07,138,07,3*4B

$GLGSV,1,1,02,73,06,068,,84,24,088,,0*7D

$GAGSV,1,1,02,04,33,161,28,06,56,179,16,2*71

$GAGSV,2,1,06,04,33,161,36,05,33,311,19,06,56,179,39,09,71,231,33,7*70

$GAGSV,2,2,06,24,40,241,16,31,83,011,19,7*76

$GAGSV,1,1,02,13,01,021,,26,05,068,,0*79

$GBGSV,1,1,01,35,14,043,44,1*43

$GBGSV,1,1,01,35,14,043,09,B*39

$GQGSV,1,1,00,0*64

$GNGLL,4220.87919,N,07106.36931,W,203448.00,A,A*68

$GNRMC,203449.00,A,4220.87919,N,07106.36929,W,0.037,,081124,,,A,V*09

$GNVTG,,T,,M,0.037,N,0.069,K,A*36

$GNGGA,203449.00,4220.87919,N,07106.36929,W,1,12,0.89,23.2,M,-33.2,M,,*4B

$GNGSA,A,3,04,09,16,26,27,31,,,,,,,1.81,0.89,1.58,1*0D

$GNGSA,A,3,74,75,72,,,,,,,,,,1.81,0.89,1.58,2*03

$GNGSA,A,3,04,06,09,,,,,,,,,,1.81,0.89,1.58,3*0D

$GNGSA,A,3,35,,,,,,,,,,,,1.81,0.89,1.58,4*07

$GNGSA,A,3,,,,,,,,,,,,,1.81,0.89,1.58,5*00

$GPGSV,3,1,11,03,10,232,26,04,62,278,33,07,07,292,17,08,15,189,28,1*67

$GPGSV,3,2,11,09,36,308,22,16,85,353,26,18,05,073,15,26,52,054,28,1*6D

$GPGSV,3,3,11,27,39,165,40,28,15,105,23,31,44,093,28,1*54

$GPGSV,1,1,02,26,52,054,10,27,39,165,20,6*6D

$GPGSV,1,1,01,29,03,031,,0*5E

$GLGSV,2,1,07,65,50,291,17,66,14,334,27,72,37,203,31,74,43,045,30,1*76

$GLGSV,2,2,07,75,57,309,26,76,10,264,18,85,07,138,18,1*41

$GLGSV,2,1,07,65,50,291,07,66,14,334,09,74,43,045,11,75,57,309,15,3*76

$GLGSV,2,2,07,76,10,264,08,83,13,025,07,85,07,138,08,3*44

$GLGSV,1,1,02,73,06,068,,84,24,088,,0*7D

$GAGSV,1,1,02,04,33,161,28,06,56,179,15,2*72

$GAGSV,2,1,06,04,33,161,36,05,33,311,19,06,56,179,39,09,71,231,33,7*70

$GAGSV,2,2,06,24,40,241,16,31,83,011,19,7*76

$GAGSV,1,1,02,13,01,021,,26,05,068,,0*79

$GBGSV,1,1,01,35,14,043,44,1*43

$GBGSV,1,1,01,35,14,043,09,B*39

$GQGSV,1,1,00,0*64

$GNGLL,4220.87919,N,07106.36929,W,203449.00,A,A*60

$GNRMC,203450.00,A,4220.87920,N,07106.36928,W,0.032,,081124,,,A,V*0F

$GNVTG,,T,,M,0.032,N,0.059,K,A*30

$GNGGA,203450.00,4220.87920,N,07106.36928,W,1,12,0.89,23.2,M,-33.2,M,,*48

$GNGSA,A,3,04,09,16,26,27,31,,,,,,,1.81,0.89,1.58,1*0D

$GNGSA,A,3,74,75,72,,,,,,,,,,1.81,0.89,1.58,2*03

$GNGSA,A,3,04,06,09,,,,,,,,,,1.81,0.89,1.58,3*0D

$GNGSA,A,3,35,,,,,,,,,,,,1.81,0.89,1.58,4*07

$GNGSA,A,3,,,,,,,,,,,,,1.81,0.89,1.58,5*00

$GPGSV,3,1,11,03,10,232,27,04,62,278,33,07,07,292,18,08,15,189,27,1*66

$GPGSV,3,2,11,09,36,308,21,16,85,353,26,18,05,073,15,26,52,054,27,1*61

$GPGSV,3,3,11,27,39,165,40,28,15,105,23,31,44,093,29,1*55

$GPGSV,1,1,02,26,52,054,12,27,39,165,20,6*6F

$GPGSV,1,1,01,29,03,031,,0*5E

$GLGSV,2,1,07,65,50,291,18,66,14,334,26,72,37,203,30,74,43,045,29,1*71

$GLGSV,2,2,07,75,57,309,27,76,10,264,20,85,07,138,18,1*4B

$GLGSV,2,1,07,65,50,291,07,66,14,334,09,74,43,045,09,75,57,309,15,3*7F

$GLGSV,2,2,07,76,10,264,09,83,13,025,07,85,07,138,08,3*45

$GLGSV,1,1,02,73,06,068,,84,24,088,,0*7D

$GAGSV,1,1,02,04,33,161,28,06,56,179,15,2*72

$GAGSV,2,1,06,04,33,161,36,05,33,311,20,06,56,179,39,09,71,231,33,7*7A

$GAGSV,2,2,06,24,40,241,15,31,83,011,18,7*74

$GAGSV,1,1,02,13,01,021,,26,05,068,,0*79

$GBGSV,1,1,01,35,14,043,45,1*42

$GBGSV,1,1,01,35,14,043,08,B*38

$GQGSV,1,1,00,0*64

$GNGLL,4220.87920,N,07106.36928,W,203450.00,A,A*63

$GNRMC,203451.00,A,4220.87920,N,07106.36927,W,0.053,,081124,,,A,V*06

$GNVTG,,T,,M,0.053,N,0.099,K,A*3B

$GNGGA,203451.00,4220.87920,N,07106.36927,W,1,12,0.89,23.2,M,-33.2,M,,*46

$GNGSA,A,3,04,09,16,26,27,31,,,,,,,1.81,0.89,1.58,1*0D

$GNGSA,A,3,74,75,72,,,,,,,,,,1.81,0.89,1.58,2*03

$GNGSA,A,3,04,06,09,,,,,,,,,,1.81,0.89,1.58,3*0D

$GNGSA,A,3,35,,,,,,,,,,,,1.81,0.89,1.58,4*07

$GNGSA,A,3,,,,,,,,,,,,,1.81,0.89,1.58,5*00

$GPGSV,3,1,11,03,10,232,27,04,62,278,33,07,07,292,17,08,15,189,27,1*69

$GPGSV,3,2,11,09,36,308,21,16,85,353,27,18,05,073,14,26,52,054,27,1*61

$GPGSV,3,3,11,27,39,165,41,28,15,105,23,31,44,093,29,1*54

$GPGSV,1,1,02,26,52,054,14,27,39,165,20,6*69

$GPGSV,1,1,01,29,03,031,,0*5E

$GLGSV,2,1,07,65,50,291,20,66,14,334,26,72,37,203,30,74,43,045,29,1*7A

$GLGSV,2,2,07,75,57,309,28,76,10,264,22,85,07,138,18,1*46

$GLGSV,2,1,07,65,50,291,08,66,14,334,09,74,43,045,08,75,57,309,16,3*72

$GLGSV,2,2,07,76,10,264,10,83,13,025,08,85,07,138,08,3*42

$GLGSV,1,1,02,73,06,068,,84,24,088,,0*7D

$GAGSV,1,1,02,04,33,161,29,06,56,179,16,2*70

$GAGSV,2,1,06,04,33,161,36,05,33,311,20,06,56,179,39,09,71,231,33,7*7A

$GAGSV,2,2,06,24,40,241,15,31,83,011,18,7*74

$GAGSV,1,1,02,13,01,021,,26,05,068,,0*79

$GBGSV,1,1,01,35,14,043,45,1*42

$GBGSV,1,1,01,35,14,043,08,B*38

$GQGSV,1,1,00,0*64

$GNGLL,4220.87920,N,07106.36927,W,203451.00,A,A*6D

$GNRMC,203452.00,A,4220.87920,N,07106.36925,W,0.017,,081124,,,A,V*07

$GNVTG,,T,,M,0.017,N,0.031,K,A*39

$GNGGA,203452.00,4220.87920,N,07106.36925,W,1,12,0.89,23.2,M,-33.2,M,,*47

$GNGSA,A,3,04,09,16,26,27,31,,,,,,,1.81,0.89,1.58,1*0D

$GNGSA,A,3,74,75,72,,,,,,,,,,1.81,0.89,1.58,2*03

$GNGSA,A,3,04,06,09,,,,,,,,,,1.81,0.89,1.58,3*0D

$GNGSA,A,3,35,,,,,,,,,,,,1.81,0.89,1.58,4*07

$GNGSA,A,3,,,,,,,,,,,,,1.81,0.89,1.58,5*00

$GPGSV,3,1,11,03,10,232,27,04,62,278,33,07,07,292,16,08,15,189,28,1*67

$GPGSV,3,2,11,09,36,308,21,16,85,353,27,18,05,073,14,26,52,054,27,1*61

$GPGSV,3,3,11,27,39,165,41,28,15,105,24,31,44,093,29,1*53

$GPGSV,1,1,02,26,52,054,16,27,39,165,20,6*6B

$GPGSV,1,1,01,29,03,031,,0*5E

$GLGSV,2,1,07,65,50,291,20,66,14,334,25,72,37,203,30,74,43,045,29,1*79

$GLGSV,2,2,07,75,57,309,28,76,10,264,23,85,07,138,19,1*46

$GLGSV,2,1,07,65,50,291,08,66,14,334,09,74,43,045,08,75,57,309,16,3*72

$GLGSV,2,2,07,76,10,264,08,83,13,025,08,85,07,138,08,3*4B

$GLGSV,1,1,02,73,06,068,,84,24,088,,0*7D

$GAGSV,1,1,02,04,33,161,28,06,56,179,16,2*71

$GAGSV,2,1,06,04,33,161,36,05,33,311,21,06,56,179,39,09,71,231,33,7*7B

$GAGSV,2,2,06,24,40,241,15,31,83,011,19,7*75

$GAGSV,1,1,02,13,01,021,,26,05,068,,0*79

$GBGSV,1,1,01,35,14,043,44,1*43

$GBGSV,1,1,01,35,14,043,09,B*39

$GQGSV,1,1,00,0*64

$GNGLL,4220.87920,N,07106.36925,W,203452.00,A,A*6C

$GNRMC,203453.00,A,4220.87919,N,07106.36924,W,0.038,,081124,,,A,V*00

$GNVTG,,T,,M,0.038,N,0.070,K,A*31

$GNGGA,203453.00,4220.87919,N,07106.36924,W,1,12,0.89,23.1,M,-33.2,M,,*4E

$GNGSA,A,3,04,09,16,26,27,31,,,,,,,1.81,0.89,1.58,1*0D

$GNGSA,A,3,74,75,72,,,,,,,,,,1.81,0.89,1.58,2*03

$GNGSA,A,3,04,06,09,,,,,,,,,,1.81,0.89,1.58,3*0D

$GNGSA,A,3,35,,,,,,,,,,,,1.81,0.89,1.58,4*07

$GNGSA,A,3,,,,,,,,,,,,,1.81,0.89,1.58,5*00

$GPGSV,3,1,11,03,10,232,26,04,62,278,33,07,07,292,13,08,15,189,29,1*62

$GPGSV,3,2,11,09,36,308,22,16,85,353,27,18,05,073,15,26,52,054,27,1*63

$GPGSV,3,3,11,27,40,165,40,28,15,105,24,31,44,093,29,1*5C

$GPGSV,1,1,02,26,52,054,15,27,40,165,19,6*6C

$GPGSV,1,1,01,29,03,031,,0*5E

$GLGSV,2,1,07,65,50,291,21,66,14,334,23,72,37,203,29,74,43,045,29,1*76

$GLGSV,2,2,07,75,57,309,28,76,10,264,23,85,07,138,19,1*46

$GLGSV,2,1,07,65,50,291,08,66,14,334,09,72,37,203,16,74,43,045,08,3*78

$GLGSV,2,2,07,75,57,309,14,76,10,264,08,85,07,138,09,3*43

$GLGSV,1,1,03,73,06,068,,83,13,025,,84,24,088,,0*42

$GAGSV,1,1,02,04,33,161,28,06,56,179,14,2*73

$GAGSV,2,1,06,04,33,161,36,05,33,311,20,06,56,179,38,09,71,231,33,7*7B

$GAGSV,2,2,06,24,40,241,15,31,83,011,19,7*75

$GAGSV,1,1,02,13,01,021,,26,05,068,,0*79

$GBGSV,1,1,01,35,14,043,44,1*43

$GBGSV,1,1,01,35,14,043,11,B*30

$GQGSV,1,1,00,0*64

$GNGLL,4220.87919,N,07106.36924,W,203453.00,A,A*66

$GNRMC,203454.00,A,4220.87918,N,07106.36922,W,0.032,,081124,,,A,V*0A

$GNVTG,,T,,M,0.032,N,0.060,K,A*3A

$GNGGA,203454.00,4220.87918,N,07106.36922,W,1,12,0.89,23.1,M,-33.2,M,,*4E

$GNGSA,A,3,04,09,16,26,27,31,,,,,,,1.81,0.89,1.58,1*0D

$GNGSA,A,3,74,75,72,,,,,,,,,,1.81,0.89,1.58,2*03

$GNGSA,A,3,04,06,09,,,,,,,,,,1.81,0.89,1.58,3*0D

$GNGSA,A,3,35,,,,,,,,,,,,1.81,0.89,1.58,4*07

$GNGSA,A,3,,,,,,,,,,,,,1.81,0.89,1.58,5*00

$GPGSV,3,1,11,03,10,232,26,04,62,278,33,07,07,292,11,08,15,189,28,1*61

$GPGSV,3,2,11,09,36,308,22,16,85,353,27,18,05,073,15,26,52,054,27,1*63

$GPGSV,3,3,11,27,40,165,41,28,15,105,24,31,44,093,29,1*5D

$GPGSV,1,1,02,26,52,054,15,27,40,165,17,6*62

$GPGSV,1,1,01,29,03,031,,0*5E

$GLGSV,2,1,07,65,50,291,22,66,14,334,23,72,37,203,29,74,43,045,29,1*75

$GLGSV,2,2,07,75,57,309,29,76,10,264,22,85,07,138,19,1*46

$GLGSV,2,1,05,66,14,334,09,72,37,203,16,74,43,045,08,75,57,309,13,3*76

$GLGSV,2,2,05,76,10,264,08,3*47

$GLGSV,1,1,03,73,06,068,,83,13,025,,84,24,088,,0*42

$GAGSV,1,1,02,04,33,161,28,06,56,179,15,2*72

$GAGSV,2,1,06,04,33,161,36,05,33,311,20,06,56,179,38,09,71,231,32,7*7A

$GAGSV,2,2,06,24,40,241,14,31,83,011,19,7*74

$GAGSV,1,1,02,13,01,021,,26,05,068,,0*79

$GBGSV,1,1,01,35,14,043,44,1*43

$GBGSV,1,1,01,35,14,043,12,B*33

$GQGSV,1,1,00,0*64

$GNGLL,4220.87918,N,07106.36922,W,203454.00,A,A*66

$GNRMC,203455.00,A,4220.87916,N,07106.36916,W,0.010,,081124,,,A,V*02

$GNVTG,,T,,M,0.010,N,0.019,K,A*34

$GNGGA,203455.00,4220.87916,N,07106.36916,W,1,12,0.89,23.2,M,-33.2,M,,*45

$GNGSA,A,3,04,09,16,26,27,31,,,,,,,1.81,0.89,1.58,1*0D

$GNGSA,A,3,74,75,72,,,,,,,,,,1.81,0.89,1.58,2*03

$GNGSA,A,3,04,06,09,,,,,,,,,,1.81,0.89,1.58,3*0D

$GNGSA,A,3,35,,,,,,,,,,,,1.81,0.89,1.58,4*07

$GNGSA,A,3,,,,,,,,,,,,,1.81,0.89,1.58,5*00

$GPGSV,3,1,11,03,10,232,26,04,62,278,33,07,07,292,09,08,15,189,28,1*68

$GPGSV,3,2,11,09,36,308,22,16,85,353,26,18,05,073,15,26,52,054,27,1*62

$GPGSV,3,3,11,27,40,165,41,28,15,105,23,31,44,093,29,1*5A

$GPGSV,1,1,02,26,52,054,16,27,40,165,19,6*6F

$GPGSV,1,1,01,29,03,031,,0*5E

$GLGSV,2,1,07,65,50,291,24,66,14,334,24,72,37,203,30,74,43,045,29,1*7C

$GLGSV,2,2,07,75,57,309,28,76,10,264,21,85,07,138,20,1*4E

$GLGSV,1,1,04,66,14,334,08,72,37,203,15,75,57,309,14,76,10,264,07,3*7B

$GLGSV,1,1,03,73,06,068,,83,13,025,,84,24,088,,0*42

$GAGSV,1,1,03,04,33,161,28,06,56,179,15,24,40,241,20,2*44

$GAGSV,2,1,06,04,33,161,36,05,33,311,19,06,56,179,39,09,71,231,32,7*71

$GAGSV,2,2,06,24,40,241,12,31,83,011,18,7*73

$GAGSV,1,1,02,13,01,021,,26,05,068,,0*79

$GBGSV,1,1,01,35,14,043,44,1*43

$GQGSV,1,1,00,0*64

$GNGLL,4220.87916,N,07106.36916,W,203455.00,A,A*6E

$GNRMC,203456.00,A,4220.87915,N,07106.36911,W,0.035,,081124,,,A,V*02

$GNVTG,,T,,M,0.035,N,0.065,K,A*38

$GNGGA,203456.00,4220.87915,N,07106.36911,W,1,12,0.89,23.2,M,-33.2,M,,*42

$GNGSA,A,3,04,09,16,26,27,31,,,,,,,1.81,0.89,1.58,1*0D

$GNGSA,A,3,74,75,72,,,,,,,,,,1.81,0.89,1.58,2*03

$GNGSA,A,3,04,06,09,,,,,,,,,,1.81,0.89,1.58,3*0D

$GNGSA,A,3,35,,,,,,,,,,,,1.81,0.89,1.58,4*07

$GNGSA,A,3,,,,,,,,,,,,,1.81,0.89,1.58,5*00

$GPGSV,3,1,10,03,10,232,26,04,62,278,33,08,15,189,27,09,36,308,22,1*61

$GPGSV,3,2,10,16,85,353,26,18,05,073,14,26,52,054,28,27,40,165,41,1*6C

$GPGSV,3,3,10,28,15,105,23,31,44,093,29,1*6D

$GPGSV,1,1,02,26,52,054,15,27,40,165,19,6*6C

$GPGSV,1,1,02,07,07,292,,29,03,031,,0*64

$GLGSV,2,1,07,65,50,291,25,66,14,334,25,72,37,203,30,74,43,045,29,1*7C

$GLGSV,2,2,07,75,57,309,29,76,10,264,19,85,07,138,21,1*45

$GLGSV,1,1,03,72,37,203,14,75,57,309,15,76,10,264,07,3*45

$GLGSV,1,1,03,73,06,068,,83,13,025,,84,24,088,,0*42

$GAGSV,1,1,03,04,33,161,28,06,56,179,16,24,40,241,20,2*47

$GAGSV,2,1,06,04,33,161,36,05,33,311,19,06,56,179,39,09,71,231,33,7*70

$GAGSV,2,2,06,24,40,241,10,31,83,011,18,7*71

$GAGSV,1,1,02,13,01,021,,26,05,068,,0*79

$GBGSV,1,1,01,35,14,043,44,1*43

$GQGSV,1,1,00,0*64

$GNGLL,4220.87915,N,07106.36911,W,203456.00,A,A*69

$GNRMC,203457.00,A,4220.87912,N,07106.36906,W,0.045,,081124,,,A,V*05

$GNVTG,,T,,M,0.045,N,0.084,K,A*30

$GNGGA,203457.00,4220.87912,N,07106.36906,W,1,12,0.89,23.3,M,-33.2,M,,*43

$GNGSA,A,3,04,09,16,26,27,31,,,,,,,1.81,0.89,1.58,1*0D

$GNGSA,A,3,74,75,72,,,,,,,,,,1.81,0.89,1.58,2*03

$GNGSA,A,3,04,06,09,,,,,,,,,,1.81,0.89,1.58,3*0D

$GNGSA,A,3,35,,,,,,,,,,,,1.81,0.89,1.58,4*07

$GNGSA,A,3,,,,,,,,,,,,,1.81,0.89,1.58,5*00

$GPGSV,3,1,10,03,10,232,26,04,62,278,33,08,15,189,27,09,36,308,22,1*61

$GPGSV,3,2,10,16,85,353,26,18,05,073,13,26,52,054,28,27,40,165,41,1*6B

$GPGSV,3,3,10,28,15,105,22,31,44,094,29,1*6B

$GPGSV,1,1,02,26,52,054,16,27,40,165,21,6*64

$GPGSV,1,1,02,07,07,292,,29,03,031,,0*64

$GLGSV,2,1,07,65,50,291,25,66,14,334,25,72,37,203,30,74,43,045,29,1*7C

$GLGSV,2,2,07,75,57,309,29,76,10,264,18,85,07,138,21,1*44

$GLGSV,1,1,03,72,37,203,13,75,57,309,16,76,10,264,07,3*41

$GLGSV,1,1,03,73,06,068,,83,13,025,,84,24,088,,0*42

$GAGSV,1,1,03,04,33,161,29,06,56,179,16,24,40,241,19,2*4C

$GAGSV,2,1,06,04,33,161,36,05,33,311,19,06,56,179,39,09,71,231,33,7*70

$GAGSV,2,2,06,24,40,241,08,31,83,011,19,7*79

$GAGSV,1,1,02,13,01,021,,26,05,068,,0*79

$GBGSV,1,1,01,35,14,043,44,1*43

$GBGSV,1,1,01,35,14,043,10,B*31

$GQGSV,1,1,00,0*64

$GNGLL,4220.87912,N,07106.36906,W,203457.00,A,A*69

$GNRMC,203458.00,A,4220.87909,N,07106.36900,W,0.029,,081124,,,A,V*0C

$GNVTG,,T,,M,0.029,N,0.053,K,A*30

$GNGGA,203458.00,4220.87909,N,07106.36900,W,1,12,0.89,23.3,M,-33.2,M,,*40

$GNGSA,A,3,04,09,16,26,27,31,,,,,,,1.81,0.89,1.58,1*0D

$GNGSA,A,3,74,75,72,,,,,,,,,,1.81,0.89,1.58,2*03

$GNGSA,A,3,04,06,09,,,,,,,,,,1.81,0.89,1.58,3*0D

$GNGSA,A,3,35,,,,,,,,,,,,1.81,0.89,1.58,4*07

$GNGSA,A,3,,,,,,,,,,,,,1.81,0.89,1.58,5*00

$GPGSV,3,1,10,03,10,232,26,04,62,278,33,08,15,189,26,09,36,308,22,1*60

$GPGSV,3,2,10,16,85,353,26,18,05,073,14,26,52,054,28,27,40,165,42,1*6F

$GPGSV,3,3,10,28,15,105,23,31,44,094,30,1*62

$GPGSV,1,1,01,31,44,094,19,5*56

$GPGSV,1,1,02,26,52,054,17,27,40,165,21,6*65

$GPGSV,1,1,02,07,07,292,,29,03,031,,0*64

$GLGSV,2,1,07,65,50,291,25,66,14,334,25,72,37,203,30,74,43,045,29,1*7C

$GLGSV,2,2,07,75,57,309,29,76,10,264,20,85,07,138,21,1*4F

$GLGSV,1,1,02,72,37,203,14,75,57,309,17,3*71

$GLGSV,1,1,03,73,06,068,,83,13,025,,84,24,088,,0*42

$GAGSV,1,1,03,04,33,161,29,06,56,179,17,24,40,241,20,2*47

$GAGSV,2,1,05,04,33,161,36,05,33,311,19,06,56,179,39,09,71,231,33,7*73

$GAGSV,2,2,05,31,83,011,19,7*47

$GAGSV,1,1,02,13,01,021,,26,05,068,,0*79

$GBGSV,1,1,01,35,14,043,44,1*43

$GBGSV,1,1,01,35,14,043,11,B*30

$GQGSV,1,1,00,0*64

$GNGLL,4220.87909,N,07106.36900,W,203458.00,A,A*6A

$GNRMC,203459.00,A,4220.87906,N,07106.36895,W,0.041,,081124,,,A,V*01

$GNVTG,,T,,M,0.041,N,0.076,K,A*39

$GNGGA,203459.00,4220.87906,N,07106.36895,W,1,12,0.89,23.4,M,-33.2,M,,*44

$GNGSA,A,3,04,09,16,26,27,31,,,,,,,1.81,0.89,1.58,1*0D

$GNGSA,A,3,74,75,72,,,,,,,,,,1.81,0.89,1.58,2*03

$GNGSA,A,3,04,06,09,,,,,,,,,,1.81,0.89,1.58,3*0D

$GNGSA,A,3,35,,,,,,,,,,,,1.81,0.89,1.58,4*07

$GNGSA,A,3,,,,,,,,,,,,,1.81,0.89,1.58,5*00

$GPGSV,3,1,10,03,10,232,26,04,62,278,33,08,15,189,27,09,36,308,21,1*62

$GPGSV,3,2,10,16,85,353,27,18,05,073,15,26,52,054,29,27,40,165,41,1*6D

$GPGSV,3,3,10,28,15,105,23,31,44,094,29,1*6A

$GPGSV,1,1,03,26,52,054,16,27,40,165,21,31,44,094,16,6*5D

$GPGSV,1,1,02,07,07,292,,29,03,031,,0*64

$GLGSV,2,1,07,65,50,291,25,66,14,334,24,72,37,203,30,74,43,045,29,1*7D

$GLGSV,2,2,07,75,57,309,29,76,10,264,22,85,07,138,21,1*4D

$GLGSV,1,1,02,72,37,203,14,75,57,309,16,3*70

$GLGSV,1,1,03,73,06,068,,83,13,025,,84,24,088,,0*42

$GAGSV,1,1,03,04,33,161,29,06,56,179,15,24,40,241,21,2*44

$GAGSV,2,1,05,04,33,161,36,05,33,311,20,06,56,179,39,09,71,231,33,7*79

$GAGSV,2,2,05,31,83,011,19,7*47

$GAGSV,1,1,02,13,01,021,,26,05,068,,0*79

$GBGSV,1,1,01,35,14,043,44,1*43

$GBGSV,1,1,01,35,14,043,08,B*38

$GQGSV,1,1,00,0*64

$GNGLL,4220.87906,N,07106.36895,W,203459.00,A,A*69

$GNRMC,203500.00,A,4220.87904,N,07106.36888,W,0.038,,081124,,,A,V*0C

$GNVTG,,T,,M,0.038,N,0.071,K,A*30

$GNGGA,203500.00,4220.87904,N,07106.36888,W,1,12,0.89,23.5,M,-33.2,M,,*46

$GNGSA,A,3,04,09,16,26,27,31,,,,,,,1.81,0.89,1.58,1*0D

$GNGSA,A,3,74,75,72,,,,,,,,,,1.81,0.89,1.58,2*03

$GNGSA,A,3,04,06,09,,,,,,,,,,1.81,0.89,1.58,3*0D

$GNGSA,A,3,35,,,,,,,,,,,,1.81,0.89,1.58,4*07

$GNGSA,A,3,,,,,,,,,,,,,1.81,0.89,1.58,5*00

$GNTXT,01,01,01,NMEA unknown msg*46

$GPGSV,3,1,10,03,10,232,25,04,62,278,33,08,15,189,28,09,36,308,22,1*6D

$GPGSV,3,2,10,16,85,353,27,18,05,073,17,26,52,054,29,27,40,165,41,1*6F

$GPGSV,3,3,10,28,15,105,23,31,44,094,29,1*6A

$GPGSV,1,1,03,26,52,054,15,27,40,165,19,31,44,094,12,6*51

$GPGSV,1,1,02,07,07,292,,29,03,031,,0*64

$GLGSV,2,1,07,65,50,291,26,66,14,334,23,72,37,203,30,74,43,045,30,1*71

$GLGSV,2,2,07,75,57,309,29,76,10,264,24,85,07,138,20,1*4A

$GLGSV,1,1,02,72,37,203,13,75,57,309,16,3*77

$GLGSV,1,1,03,73,06,068,,83,13,025,,84,24,088,,0*42

$GAGSV,1,1,03,04,33,161,30,06,56,179,17,24,40,241,22,2*4D

$GAGSV,2,1,05,04,33,161,36,05,33,311,20,06,56,179,39,09,71,231,33,7*79

$GAGSV,2,2,05,31,83,011,19,7*47

$GAGSV,1,1,02,13,01,021,,26,05,068,,0*79

$GBGSV,1,1,01,35,14,043,44,1*43

$GBGSV,1,1,01,35,14,043,07,B*37

$GQGSV,1,1,00,0*64

$GNGLL,4220.87904,N,07106.36888,W,203500.00,A,A*6A

$GNRMC,203501.00,A,4220.87901,N,07106.36883,W,0.041,,081124,,,A,V*0D

$GNVTG,,T,,M,0.041,N,0.075,K,A*3A

$GNGGA,203501.00,4220.87901,N,07106.36883,W,1,12,0.89,23.5,M,-33.2,M,,*49

$GNGSA,A,3,04,09,16,26,27,31,,,,,,,1.81,0.89,1.58,1*0D

$GNGSA,A,3,74,75,72,,,,,,,,,,1.81,0.89,1.58,2*03

$GNGSA,A,3,04,06,09,,,,,,,,,,1.81,0.89,1.58,3*0D

$GNGSA,A,3,35,,,,,,,,,,,,1.81,0.89,1.58,4*07

$GNGSA,A,3,,,,,,,,,,,,,1.81,0.89,1.58,5*00

$GPGSV,3,1,10,03,10,232,27,04,62,278,32,08,15,189,28,09,36,308,21,1*6D

$GPGSV,3,2,10,16,85,353,26,18,05,073,16,26,52,054,30,27,40,165,41,1*67

$GPGSV,3,3,10,28,15,105,24,31,44,094,29,1*6D

$GPGSV,1,1,03,26,52,054,15,27,40,165,20,31,44,094,11,6*58

$GPGSV,1,1,02,07,07,292,,29,03,031,,0*64

$GLGSV,2,1,07,65,50,291,25,66,14,334,21,72,37,203,30,74,43,045,30,1*70

$GLGSV,2,2,07,75,57,309,29,76,10,264,23,85,07,138,19,1*47

$GLGSV,1,1,02,72,37,203,14,75,57,309,16,3*70

$GLGSV,1,1,03,73,06,068,,83,13,025,,84,24,088,,0*42

$GAGSV,1,1,03,04,33,161,30,06,56,179,16,24,40,241,21,2*4F

$GAGSV,2,1,05,04,33,161,36,05,33,311,19,06,56,179,38,09,71,231,33,7*72

$GAGSV,2,2,05,31,83,011,20,7*4D

$GAGSV,1,1,02,13,01,021,,26,05,068,,0*79

$GBGSV,1,1,01,35,14,043,44,1*43

$GBGSV,1,1,01,35,14,043,07,B*37

$GQGSV,1,1,00,0*64

$GNGLL,4220.87901,N,07106.36883,W,203501.00,A,A*65

$GNRMC,203502.00,A,4220.87898,N,07106.36877,W,0.047,,081124,,,A,V*02

$GNVTG,,T,,M,0.047,N,0.088,K,A*3E

$GNGGA,203502.00,4220.87898,N,07106.36877,W,1,12,0.89,23.7,M,-33.2,M,,*42

$GNGSA,A,3,04,09,16,26,27,31,,,,,,,1.81,0.89,1.58,1*0D

$GNGSA,A,3,74,75,72,,,,,,,,,,1.81,0.89,1.58,2*03

$GNGSA,A,3,04,06,09,,,,,,,,,,1.81,0.89,1.58,3*0D

$GNGSA,A,3,35,,,,,,,,,,,,1.81,0.89,1.58,4*07

$GNGSA,A,3,,,,,,,,,,,,,1.81,0.89,1.58,5*00

$GPGSV,3,1,10,03,10,232,26,04,62,278,32,08,15,189,28,09,36,308,21,1*6C

$GPGSV,3,2,10,16,85,353,24,18,05,073,16,26,52,054,30,27,40,165,42,1*66

$GPGSV,3,3,10,28,15,105,25,31,44,094,30,1*64

$GPGSV,1,1,02,26,52,054,13,27,40,165,21,6*61

$GPGSV,1,1,02,07,07,292,,29,03,031,,0*64

$GLGSV,2,1,07,65,50,291,25,66,14,334,20,72,37,203,29,74,43,045,30,1*79

$GLGSV,2,2,07,75,57,309,29,76,10,264,22,85,07,138,17,1*48

$GLGSV,1,1,02,72,37,203,15,75,57,309,17,3*70

$GLGSV,1,1,03,73,06,068,,83,13,025,,84,24,088,,0*42

$GAGSV,1,1,03,04,33,161,29,06,56,179,13,24,40,241,19,2*49

$GAGSV,2,1,05,04,33,161,36,05,33,311,18,06,56,179,38,09,71,231,33,7*73

$GAGSV,2,2,05,31,83,011,20,7*4D

$GAGSV,1,1,02,13,01,021,,26,05,068,,0*79

$GBGSV,1,1,01,35,14,043,44,1*43

$GBGSV,1,1,01,35,14,043,07,B*37

$GQGSV,1,1,00,0*64

$GNGLL,4220.87898,N,07106.36877,W,203502.00,A,A*6C

$GNRMC,203503.00,A,4220.87896,N,07106.36872,W,0.028,,081124,,,A,V*01

$GNVTG,,T,,M,0.028,N,0.051,K,A*33

$GNGGA,203503.00,4220.87896,N,07106.36872,W,1,12,0.89,23.7,M,-33.2,M,,*48

$GNGSA,A,3,04,09,16,26,27,31,,,,,,,1.81,0.89,1.58,1*0D

$GNGSA,A,3,74,75,72,,,,,,,,,,1.81,0.89,1.58,2*03

$GNGSA,A,3,04,06,09,,,,,,,,,,1.81,0.89,1.58,3*0D

$GNGSA,A,3,35,,,,,,,,,,,,1.81,0.89,1.58,4*07

$GNGSA,A,3,,,,,,,,,,,,,1.81,0.89,1.58,5*00

$GPGSV,3,1,11,03,10,232,24,04,62,278,30,07,07,292,15,08,15,189,26,1*6A

$GPGSV,3,2,11,09,36,308,20,16,85,353,23,18,05,073,16,26,52,054,30,1*60

$GPGSV,3,3,11,27,40,165,40,28,15,105,25,31,44,094,31,1*53

$GPGSV,1,1,02,26,52,054,15,27,40,165,22,6*64

$GPGSV,1,1,01,29,03,031,,0*5E

$GLGSV,2,1,07,65,50,291,24,66,14,334,18,72,37,203,24,74,43,045,29,1*76

$GLGSV,2,2,07,75,57,309,30,76,10,264,19,85,07,138,15,1*4A

$GLGSV,1,1,02,72,37,203,14,75,57,309,17,3*71

$GLGSV,1,1,03,73,06,068,,83,13,025,,84,24,088,,0*42

$GAGSV,1,1,03,04,33,161,30,06,56,179,16,24,40,241,20,2*4E

$GAGSV,2,1,05,04,33,161,29,05,33,311,17,06,56,179,38,09,71,231,34,7*75

$GAGSV,2,2,05,31,83,011,21,7*4C

$GAGSV,1,1,02,13,01,021,,26,05,068,,0*79

$GBGSV,1,1,01,35,14,043,44,1*43

$GBGSV,1,1,01,35,14,043,08,B*38

$GQGSV,1,1,00,0*64

$GNGLL,4220.87896,N,07106.36872,W,203503.00,A,A*66

$GNRMC,203504.00,A,4220.87895,N,07106.36870,W,0.033,,081124,,,A,V*0D

$GNVTG,,T,,M,0.033,N,0.061,K,A*3A

$GNGGA,203504.00,4220.87895,N,07106.36870,W,1,12,1.10,23.7,M,-33.2,M,,*4F

$GNGSA,A,3,04,16,26,27,31,,,,,,,,2.11,1.10,1.80,1*0A

$GNGSA,A,3,74,75,72,,,,,,,,,,2.11,1.10,1.80,2*0D

$GNGSA,A,3,04,06,09,,,,,,,,,,2.11,1.10,1.80,3*03

$GNGSA,A,3,35,,,,,,,,,,,,2.11,1.10,1.80,4*09

$GNGSA,A,3,,,,,,,,,,,,,2.11,1.10,1.80,5*0E

$GPGSV,3,1,11,03,10,232,26,04,62,278,29,07,07,292,15,08,15,189,26,1*60

$GPGSV,3,2,11,09,36,308,19,16,85,353,21,18,05,073,17,26,52,054,29,1*61

$GPGSV,3,3,11,27,40,165,41,28,15,105,25,31,44,094,32,1*51

$GPGSV,1,1,02,26,52,054,15,27,40,165,23,6*65

$GPGSV,1,1,01,29,03,031,,0*5E

$GLGSV,2,1,07,65,50,291,23,66,14,334,19,72,37,203,31,74,43,045,28,1*75

$GLGSV,2,2,07,75,57,309,30,76,10,264,16,85,07,138,13,1*43

$GLGSV,1,1,02,72,37,203,14,75,57,309,15,3*73

$GLGSV,1,1,03,73,06,068,,83,13,025,,84,24,088,,0*42

$GAGSV,1,1,03,04,33,161,32,06,56,179,17,24,40,241,21,2*4C

$GAGSV,2,1,06,04,33,161,37,05,33,311,17,06,56,179,38,09,71,231,34,7*79

$GAGSV,2,2,06,24,40,241,15,31,83,011,22,7*7D

$GAGSV,1,1,02,13,01,021,,26,05,068,,0*79

$GBGSV,1,1,01,35,14,043,43,1*44

$GBGSV,1,1,01,35,14,043,10,B*31

$GQGSV,1,1,00,0*64

$GNGLL,4220.87895,N,07106.36870,W,203504.00,A,A*60

$GNRMC,203505.00,A,4220.87894,N,07106.36867,W,0.053,,081124,,,A,V*0D

$GNVTG,,T,,M,0.053,N,0.097,K,A*35

$GNGGA,203505.00,4220.87894,N,07106.36867,W,1,12,1.10,23.8,M,-33.2,M,,*46

$GNGSA,A,3,04,16,26,27,31,,,,,,,,2.11,1.10,1.80,1*0A

$GNGSA,A,3,74,75,72,,,,,,,,,,2.11,1.10,1.80,2*0D

$GNGSA,A,3,04,06,09,,,,,,,,,,2.11,1.10,1.80,3*03

$GNGSA,A,3,35,,,,,,,,,,,,2.11,1.10,1.80,4*09

$GNGSA,A,3,,,,,,,,,,,,,2.11,1.10,1.80,5*0E

$GPGSV,3,1,11,03,10,232,26,04,62,278,29,07,07,292,15,08,15,189,26,1*60

$GPGSV,3,2,11,09,36,308,19,16,85,353,21,18,05,073,16,26,52,054,28,1*61

$GPGSV,3,3,11,27,40,165,41,28,15,105,26,31,44,094,33,1*53

$GPGSV,1,1,02,26,52,054,16,27,40,165,22,6*67

$GPGSV,1,1,01,29,03,031,,0*5E

$GLGSV,2,1,07,65,50,291,23,66,14,334,22,72,37,203,24,74,43,045,28,1*79

$GLGSV,2,2,07,75,57,309,29,76,10,264,15,85,07,138,14,1*4F

$GLGSV,1,1,02,72,37,203,16,75,57,309,15,3*71

$GLGSV,1,1,03,73,06,068,,83,13,025,,84,24,088,,0*42

$GAGSV,1,1,03,04,33,161,31,06,56,179,17,24,40,241,21,2*4F

$GAGSV,2,1,06,04,33,161,35,05,33,311,16,06,56,179,38,09,71,231,35,7*7B

$GAGSV,2,2,06,24,40,241,12,31,83,011,22,7*7A

$GAGSV,1,1,02,13,01,021,,26,05,068,,0*79

$GBGSV,1,1,01,35,14,043,43,1*44

$GBGSV,1,1,01,35,14,043,12,B*33

$GQGSV,1,1,00,0*64

$GNGLL,4220.87894,N,07106.36867,W,203505.00,A,A*66

$GNRMC,203506.00,A,4220.87892,N,07106.36867,W,0.068,,081124,,,A,V*00

$GNVTG,,T,,M,0.068,N,0.126,K,A*36

$GNGGA,203506.00,4220.87892,N,07106.36867,W,1,12,1.10,23.8,M,-33.2,M,,*43

$GNGSA,A,3,04,16,26,27,31,,,,,,,,2.11,1.10,1.80,1*0A

$GNGSA,A,3,74,75,72,,,,,,,,,,2.11,1.10,1.80,2*0D

$GNGSA,A,3,04,06,09,,,,,,,,,,2.11,1.10,1.80,3*03

$GNGSA,A,3,35,,,,,,,,,,,,2.11,1.10,1.80,4*09

$GNGSA,A,3,,,,,,,,,,,,,2.11,1.10,1.80,5*0E

$GPGSV,3,1,11,03,10,232,27,04,62,278,29,07,07,292,15,08,15,189,27,1*60

$GPGSV,3,2,11,09,36,308,19,16,85,353,20,18,05,073,16,26,52,054,26,1*6E

$GPGSV,3,3,11,27,40,165,41,28,15,105,26,31,44,094,33,1*53

$GPGSV,1,1,02,26,52,054,15,27,40,165,22,6*64

$GPGSV,1,1,01,29,03,031,,0*5E

$GLGSV,2,1,07,65,50,291,21,66,14,334,24,72,37,203,23,74,43,045,28,1*7A

$GLGSV,2,2,07,75,57,309,28,76,10,264,14,85,07,138,15,1*4E

$GLGSV,1,1,02,72,37,203,17,75,57,309,16,3*73

$GLGSV,1,1,03,73,06,068,,83,13,025,,84,24,088,,0*42

$GAGSV,1,1,03,04,33,161,30,06,56,179,16,24,40,241,21,2*4F

$GAGSV,2,1,05,04,33,161,37,05,33,311,15,06,56,179,38,09,71,231,33,7*7F

$GAGSV,2,2,05,31,83,011,24,7*49

$GAGSV,1,1,02,13,01,021,,26,05,068,,0*79

$GNTXT,01,01,01,NMEA unknown msg*46

$GBGSV,1,1,01,35,14,043,43,1*44

$GBGSV,1,1,01,35,14,043,11,B*30

$GNTXT,01,01,01,NMEA unknown msg*46

$GQGSV,1,1,00,0*64

$GNGLL,4220.87892,N,07106.36867,W,203506.00,A,A*63

$GNRMC,203507.00,A,4220.87891,N,07106.36868,W,0.085,,081124,,,A,V*0E

$GNVTG,,T,,M,0.085,N,0.158,K,A*3C

$GNGGA,203507.00,4220.87891,N,07106.36868,W,1,11,1.11,23.7,M,-33.2,M,,*43

$GNGSA,A,3,04,26,27,31,,,,,,,,,2.28,1.11,1.99,1*0E

$GNGSA,A,3,74,75,72,,,,,,,,,,2.28,1.11,1.99,2*0E

$GNGSA,A,3,04,06,09,,,,,,,,,,2.28,1.11,1.99,3*00

$GNGSA,A,3,35,,,,,,,,,,,,2.28,1.11,1.99,4*0A

$GNGSA,A,3,,,,,,,,,,,,,2.28,1.11,1.99,5*0D

$GPGSV,3,1,11,03,10,232,27,04,62,278,28,07,07,292,17,08,15,189,25,1*61

$GPGSV,3,2,11,09,36,308,19,16,85,353,19,18,05,073,16,26,52,054,24,1*66

$GPGSV,3,3,11,27,40,165,41,28,15,105,27,31,44,094,33,1*52

$GPGSV,1,1,02,26,52,054,14,27,40,165,21,6*66

$GPGSV,1,1,01,29,03,031,,0*5E

$GLGSV,2,1,07,65,50,291,21,66,14,334,25,72,37,203,20,74,43,045,27,1*77

$GLGSV,2,2,07,75,57,309,27,76,10,264,15,85,07,138,15,1*40

$GLGSV,1,1,02,72,37,203,19,75,57,309,15,3*7E

$GLGSV,1,1,03,73,06,068,,83,13,025,,84,24,088,,0*42

$GAGSV,1,1,03,04,33,161,30,06,56,179,16,24,40,241,22,2*4C

$GAGSV,2,1,05,04,33,161,36,05,33,311,13,06,56,179,38,09,71,231,33,7*78

$GAGSV,2,2,05,31,83,011,23,7*4E

$GAGSV,1,1,02,13,01,021,,26,05,068,,0*79

$GBGSV,1,1,01,35,14,043,43,1*44

$GBGSV,1,1,01,35,14,043,09,B*39

$GQGSV,1,1,00,0*64

$GNGLL,4220.87891,N,07106.36868,W,203507.00,A,A*6E

$GNRMC,203508.00,A,4220.87889,N,07106.36865,W,0.070,,081124,,,A,V*0F

$GNVTG,,T,,M,0.070,N,0.130,K,A*38

$GNGGA,203508.00,4220.87889,N,07106.36865,W,1,12,0.97,23.8,M,-33.2,M,,*4B

$GNGSA,A,3,04,09,26,27,31,,,,,,,,2.13,0.97,1.90,1*09

$GNGSA,A,3,74,75,72,,,,,,,,,,2.13,0.97,1.90,2*00

$GNGSA,A,3,04,06,09,,,,,,,,,,2.13,0.97,1.90,3*0E

$GNGSA,A,3,35,,,,,,,,,,,,2.13,0.97,1.90,4*04

$GNGSA,A,3,,,,,,,,,,,,,2.13,0.97,1.90,5*03

$GPGSV,3,1,11,03,10,232,26,04,62,278,27,07,07,292,18,08,15,189,25,1*60

$GPGSV,3,2,11,09,36,308,20,16,85,353,18,18,05,073,16,26,52,054,24,1*6D

$GPGSV,3,3,11,27,40,165,41,28,15,105,27,31,44,094,33,1*52

$GPGSV,1,1,02,26,52,054,13,27,40,165,20,6*60

$GPGSV,1,1,01,29,03,031,,0*5E

$GLGSV,2,1,08,65,50,291,20,66,14,334,25,72,37,203,19,73,06,068,13,1*7D

$GLGSV,2,2,08,74,43,045,27,75,57,309,27,76,10,264,16,85,07,138,12,1*7B

$GLGSV,1,1,02,72,37,203,20,75,57,309,15,3*74

$GLGSV,1,1,02,83,13,025,,84,24,088,,0*7F

$GAGSV,1,1,03,04,33,161,30,06,56,179,17,24,40,241,22,2*4D

$GAGSV,2,1,05,04,33,161,36,05,33,311,11,06,56,179,38,09,71,231,33,7*7A

$GAGSV,2,2,05,31,83,011,24,7*49

$GAGSV,1,1,02,13,01,021,,26,05,068,,0*79

$GBGSV,1,1,01,35,14,043,42,1*45

$GQGSV,1,1,00,0*64

$GNGLL,4220.87889,N,07106.36865,W,203508.00,A,A*65

$GNRMC,203509.00,A,4220.87886,N,07106.36858,W,0.054,,081124,,,A,V*09

$GNVTG,,T,,M,0.054,N,0.100,K,A*3D

$GNGGA,203509.00,4220.87886,N,07106.36858,W,1,12,0.89,23.9,M,-33.2,M,,*45

$GNGSA,A,3,04,09,26,27,31,,,,,,,,1.98,0.89,1.77,1*0F

$GNGSA,A,3,74,75,72,,,,,,,,,,1.98,0.89,1.77,2*06

$GNGSA,A,3,04,06,09,,,,,,,,,,1.98,0.89,1.77,3*08

$GNGSA,A,3,35,,,,,,,,,,,,1.98,0.89,1.77,4*02

$GNGSA,A,3,,,,,,,,,,,,,1.98,0.89,1.77,5*05

$GPGSV,3,1,11,03,10,232,25,04,62,278,27,07,07,292,18,08,15,189,27,1*61

$GPGSV,3,2,11,09,36,308,20,16,85,353,19,18,05,073,15,26,52,054,31,1*6B

$GPGSV,3,3,11,27,40,165,40,28,15,105,28,31,44,094,33,1*5C

$GPGSV,1,1,02,26,52,054,12,27,40,165,19,6*6B

$GPGSV,1,1,01,29,03,031,,0*5E

$GLGSV,2,1,08,65,50,291,19,66,14,334,25,72,37,203,29,73,06,068,12,1*75

$GLGSV,2,2,08,74,43,045,28,75,57,309,32,76,10,264,17,85,07,138,09,1*7B

$GLGSV,1,1,03,65,50,291,19,72,37,203,19,75,57,309,15,3*4B

$GLGSV,1,1,02,83,13,025,,84,24,088,,0*7F

$GAGSV,1,1,03,04,33,161,30,06,56,179,17,24,40,241,21,2*4E

$GAGSV,2,1,05,04,33,161,37,05,33,311,12,06,56,179,38,09,71,231,32,7*79

$GAGSV,2,2,05,31,83,011,24,7*49

$GAGSV,1,1,02,13,01,021,,26,05,068,,0*79

$GBGSV,1,1,01,35,14,043,43,1*44

$GQGSV,1,1,00,0*64

$GNGLL,4220.87886,N,07106.36858,W,203509.00,A,A*65

$GNRMC,203510.00,A,4220.87883,N,07106.36853,W,0.012,,081124,,,A,V*0D

$GNVTG,,T,,M,0.012,N,0.021,K,A*3D

$GNGGA,203510.00,4220.87883,N,07106.36853,W,1,12,0.89,23.9,M,-33.2,M,,*43

$GNGSA,A,3,04,09,16,26,27,31,,,,,,,1.81,0.89,1.58,1*0D

$GNGSA,A,3,74,75,72,,,,,,,,,,1.81,0.89,1.58,2*03

$GNGSA,A,3,04,06,09,,,,,,,,,,1.81,0.89,1.58,3*0D

$GNGSA,A,3,35,,,,,,,,,,,,1.81,0.89,1.58,4*07

$GNGSA,A,3,,,,,,,,,,,,,1.81,0.89,1.58,5*00

$GPGSV,3,1,11,03,10,232,22,04,62,278,29,07,07,292,17,08,15,189,26,1*66

$GPGSV,3,2,11,09,36,308,21,16,85,353,22,18,05,073,14,26,52,054,32,1*60

$GPGSV,3,3,11,27,40,165,41,28,15,105,28,31,44,094,32,1*5C

$GPGSV,1,1,02,26,52,054,12,27,40,165,20,6*61

$GPGSV,1,1,01,29,03,031,,0*5E

$GLGSV,2,1,08,65,50,291,18,66,14,334,25,72,37,203,28,73,06,068,10,1*77

$GLGSV,2,2,08,74,43,045,29,75,57,309,31,76,10,264,17,85,07,138,08,1*78

$GLGSV,1,1,03,65,50,291,17,72,37,203,19,75,57,309,15,3*45

$GLGSV,1,1,02,83,13,025,,84,24,088,,0*7F

$GAGSV,1,1,03,04,33,161,30,06,56,179,18,24,40,241,21,2*41

$GAGSV,2,1,05,04,33,161,34,05,33,311,15,06,56,179,39,09,71,231,32,7*7C

$GAGSV,2,2,05,31,83,011,23,7*4E

$GAGSV,1,1,02,13,01,021,,26,05,068,,0*79

$GBGSV,1,1,01,35,14,043,44,1*43

$GQGSV,1,1,00,0*64

$GNGLL,4220.87883,N,07106.36853,W,203510.00,A,A*63

$GNRMC,203511.00,A,4220.87881,N,07106.36855,W,0.040,,081124,,,A,V*0F

$GNVTG,,T,,M,0.040,N,0.075,K,A*3B

$GNGGA,203511.00,4220.87881,N,07106.36855,W,1,12,1.10,23.8,M,-33.2,M,,*46

$GNGSA,A,3,04,09,16,26,27,31,,,,,,,2.11,1.10,1.80,1*03

$GNGSA,A,3,74,75,72,,,,,,,,,,2.11,1.10,1.80,2*0D

$GNGSA,A,3,04,06,09,,,,,,,,,,2.11,1.10,1.80,3*03

$GNGSA,A,3,35,,,,,,,,,,,,2.11,1.10,1.80,4*09

$GNGSA,A,3,,,,,,,,,,,,,2.11,1.10,1.80,5*0E

$GPGSV,3,1,11,03,10,232,19,04,62,278,29,07,07,292,17,08,15,189,26,1*6E

$GPGSV,3,2,11,09,36,308,22,16,85,353,24,18,05,073,14,26,52,054,31,1*66

$GPGSV,3,3,11,27,40,165,41,28,15,105,28,31,44,094,32,1*5C

$GPGSV,1,1,02,26,52,054,13,27,40,165,20,6*60

$GPGSV,1,1,01,29,03,031,,0*5E

$GLGSV,2,1,07,65,50,291,19,66,14,334,26,72,37,203,28,73,06,068,11,1*7B

$GLGSV,2,2,07,74,43,045,29,75,57,309,30,76,10,264,16,1*4F

$GLGSV,1,1,03,65,50,291,13,72,37,203,18,75,57,309,12,3*47

$GLGSV,1,1,03,83,13,025,,84,24,088,,85,07,138,,0*4E

$GAGSV,1,1,03,04,32,162,31,06,56,179,19,24,40,241,22,2*40

$GAGSV,2,1,06,04,32,162,36,05,33,311,16,06,56,179,39,09,71,231,32,7*7C

$GAGSV,2,2,06,24,40,241,12,31,83,011,23,7*7B

$GAGSV,1,1,02,13,01,021,,26,05,068,,0*79

$GBGSV,1,1,01,35,14,043,44,1*43

$GQGSV,1,1,00,0*64

$GNGLL,4220.87881,N,07106.36855,W,203511.00,A,A*66

$GNRMC,203512.00,A,4220.87880,N,07106.36861,W,0.102,,081124,,,A,V*0D

$GNVTG,,T,,M,0.102,N,0.188,K,A*3F

$GNGGA,203512.00,4220.87880,N,07106.36861,W,1,12,1.10,23.7,M,-33.2,M,,*4C

$GNGSA,A,3,04,09,16,26,27,31,,,,,,,2.11,1.10,1.80,1*03

$GNGSA,A,3,74,75,72,,,,,,,,,,2.11,1.10,1.80,2*0D

$GNGSA,A,3,04,06,09,,,,,,,,,,2.11,1.10,1.80,3*03

$GNGSA,A,3,35,,,,,,,,,,,,2.11,1.10,1.80,4*09

$GNGSA,A,3,,,,,,,,,,,,,2.11,1.10,1.80,5*0E

$GPGSV,3,1,11,03,10,232,17,04,62,278,30,07,07,292,16,08,15,189,26,1*69

$GPGSV,3,2,11,09,36,308,22,16,85,353,25,18,05,073,13,26,52,054,34,1*65

$GPGSV,3,3,11,27,40,165,40,28,15,105,28,31,44,094,32,1*5D

$GPGSV,1,1,02,26,52,054,14,27,40,165,20,6*67

$GPGSV,1,1,01,29,03,031,,0*5E

$GLGSV,2,1,07,65,50,291,21,66,14,334,26,72,37,203,28,73,06,068,11,1*70

$GLGSV,2,2,07,74,43,045,31,75,57,309,28,76,10,264,16,1*4F

$GLGSV,1,1,03,65,50,291,09,72,37,203,17,75,57,309,12,3*43

$GLGSV,1,1,03,83,13,025,,84,24,088,,85,07,138,,0*4E

$GAGSV,1,1,03,04,32,162,30,06,56,179,18,24,40,241,21,2*43

$GAGSV,2,1,06,04,32,162,33,05,33,311,16,06,56,179,38,09,71,231,33,7*79

$GAGSV,2,2,06,24,40,241,14,31,83,011,21,7*7F

$GAGSV,1,1,02,13,01,021,,26,05,068,,0*79

$GBGSV,1,1,01,35,14,043,44,1*43

$GQGSV,1,1,00,0*64

$GNGLL,4220.87880,N,07106.36861,W,203512.00,A,A*63

$GNRMC,203513.00,A,4220.87879,N,07106.36868,W,0.077,,081124,,,A,V*00

$GNVTG,,T,,M,0.077,N,0.143,K,A*3B

$GNGGA,203513.00,4220.87879,N,07106.36868,W,1,12,1.10,23.5,M,-33.2,M,,*40

$GNGSA,A,3,04,09,16,26,27,31,,,,,,,2.11,1.10,1.80,1*03

$GNGSA,A,3,74,75,72,,,,,,,,,,2.11,1.10,1.80,2*0D

$GNGSA,A,3,04,06,09,,,,,,,,,,2.11,1.10,1.80,3*03

$GNGSA,A,3,35,,,,,,,,,,,,2.11,1.10,1.80,4*09

$GNGSA,A,3,,,,,,,,,,,,,2.11,1.10,1.80,5*0E

$GPGSV,3,1,11,03,10,232,15,04,62,278,29,07,07,292,17,08,15,189,25,1*61

$GPGSV,3,2,11,09,36,308,21,16,85,353,26,18,05,073,11,26,52,054,33,1*60

$GPGSV,3,3,11,27,40,165,41,28,15,105,29,31,44,094,31,1*5E

$GPGSV,1,1,02,26,52,054,16,27,40,165,20,6*65

$GPGSV,1,1,01,29,03,031,,0*5E

$GLGSV,2,1,07,65,50,291,21,66,14,334,26,72,37,203,27,73,06,068,12,1*7C

$GLGSV,2,2,07,74,43,045,30,75,57,309,27,76,10,264,15,1*42

$GLGSV,1,1,03,65,50,291,09,72,37,203,18,75,57,309,15,3*4B

$GLGSV,1,1,03,83,13,025,,84,24,088,,85,07,138,,0*4E

$GAGSV,1,1,03,04,32,162,30,06,56,179,18,24,40,241,21,2*43

$GAGSV,2,1,06,04,32,162,34,05,33,311,16,06,56,179,39,09,71,231,34,7*78

$GAGSV,2,2,06,24,40,241,16,31,83,011,21,7*7D

$GAGSV,1,1,02,13,01,021,,26,05,068,,0*79

$GBGSV,1,1,01,35,14,043,44,1*43

$GBGSV,1,1,01,35,14,043,13,B*32

$GQGSV,1,1,00,0*64

$GNGLL,4220.87879,N,07106.36868,W,203513.00,A,A*6D

$GNRMC,203514.00,A,4220.87877,N,07106.36875,W,0.032,,081124,,,A,V*04

$GNVTG,,T,,M,0.032,N,0.059,K,A*30

$GNGGA,203514.00,4220.87877,N,07106.36875,W,1,12,1.10,23.4,M,-33.2,M,,*44

$GNGSA,A,3,04,09,16,26,27,31,,,,,,,2.11,1.10,1.80,1*03

$GNGSA,A,3,74,75,72,,,,,,,,,,2.11,1.10,1.80,2*0D

$GNGSA,A,3,04,06,09,,,,,,,,,,2.11,1.10,1.80,3*03

$GNGSA,A,3,35,,,,,,,,,,,,2.11,1.10,1.80,4*09

$GNGSA,A,3,,,,,,,,,,,,,2.11,1.10,1.80,5*0E

$GPGSV,3,1,11,03,10,232,16,04,62,278,28,07,07,292,17,08,15,189,25,1*63

$GPGSV,3,2,11,09,36,308,21,16,85,353,26,18,05,073,09,26,52,054,33,1*69

$GPGSV,3,3,11,27,40,165,41,28,15,105,29,31,44,094,31,1*5E

$GPGSV,1,1,02,26,52,054,16,27,40,165,20,6*65

$GPGSV,1,1,01,29,03,031,,0*5E

$GLGSV,2,1,07,65,50,291,21,66,14,334,25,72,37,203,29,73,06,068,14,1*77

$GLGSV,2,2,07,74,43,045,30,75,57,309,28,76,10,264,14,1*4C

$GLGSV,1,1,04,65,50,291,08,72,37,203,18,75,57,309,16,83,13,025,17,3*76

$GLGSV,1,1,02,84,24,088,,85,07,138,,0*71

$GAGSV,1,1,03,04,32,162,30,06,56,179,16,24,40,241,22,2*4E

$GAGSV,2,1,06,04,32,162,35,05,33,311,16,06,56,179,39,09,71,231,33,7*7E

$GAGSV,2,2,06,24,40,241,18,31,83,011,20,7*72

$GAGSV,1,1,02,13,01,021,,26,05,068,,0*79

$GBGSV,1,1,01,35,14,043,43,1*44

$GBGSV,1,1,01,35,14,043,10,B*31

$GQGSV,1,1,00,0*64

$GNGLL,4220.87877,N,07106.36875,W,203514.00,A,A*68

$GNRMC,203515.00,A,4220.87875,N,07106.36877,W,0.014,,081124,,,A,V*01

$GNVTG,,T,,M,0.014,N,0.025,K,A*3F

$GNGGA,203515.00,4220.87875,N,07106.36877,W,1,12,1.10,23.3,M,-33.2,M,,*42

$GNGSA,A,3,04,09,16,26,27,31,,,,,,,2.11,1.10,1.80,1*03

$GNGSA,A,3,74,75,72,,,,,,,,,,2.11,1.10,1.80,2*0D

$GNGSA,A,3,04,06,09,,,,,,,,,,2.11,1.10,1.80,3*03

$GNGSA,A,3,35,,,,,,,,,,,,2.11,1.10,1.80,4*09

$GNGSA,A,3,,,,,,,,,,,,,2.11,1.10,1.80,5*0E

$GPGSV,3,1,10,03,10,232,17,04,62,278,28,07,07,292,16,08,15,189,24,1*63

$GPGSV,3,2,10,09,36,308,22,16,85,353,26,26,52,054,34,27,40,165,42,1*68

$GPGSV,3,3,10,28,15,105,29,31,44,094,31,1*69

$GPGSV,1,1,02,26,52,054,16,27,40,165,21,6*64

$GPGSV,1,1,02,18,05,073,,29,03,031,,0*65

$GLGSV,2,1,07,65,50,291,22,66,14,334,24,72,37,203,20,73,06,068,15,1*7D

$GLGSV,2,2,07,74,43,045,29,75,57,309,28,76,10,264,13,1*43

$GLGSV,1,1,04,65,50,291,08,72,37,203,16,75,57,309,15,83,13,025,15,3*79

$GLGSV,1,1,02,84,24,088,,85,07,138,,0*71

$GAGSV,1,1,03,04,32,162,30,06,56,179,14,24,40,241,21,2*4F

$GAGSV,2,1,06,04,32,162,34,05,33,311,17,06,56,179,39,09,71,231,33,7*7E

$GAGSV,2,2,06,24,40,241,19,31,83,011,21,7*72

$GAGSV,1,1,02,13,01,021,,26,05,068,,0*79

$GBGSV,1,1,01,35,14,043,45,1*42

$GBGSV,1,1,01,35,14,043,08,B*38

$GQGSV,1,1,00,0*64

$GNGLL,4220.87875,N,07106.36877,W,203515.00,A,A*69

$GNRMC,203516.00,A,4220.87872,N,07106.36881,W,0.084,,081124,,,A,V*05

$GNVTG,,T,,M,0.084,N,0.155,K,A*30

$GNGGA,203516.00,4220.87872,N,07106.36881,W,1,12,1.10,23.2,M,-33.2,M,,*4E

$GNGSA,A,3,04,09,16,26,27,31,,,,,,,2.11,1.10,1.80,1*03

$GNGSA,A,3,74,75,72,,,,,,,,,,2.11,1.10,1.80,2*0D

$GNGSA,A,3,04,06,09,,,,,,,,,,2.11,1.10,1.80,3*03

$GNGSA,A,3,35,,,,,,,,,,,,2.11,1.10,1.80,4*09

$GNGSA,A,3,,,,,,,,,,,,,2.11,1.10,1.80,5*0E

$GPGSV,3,1,10,03,10,232,18,04,62,278,29,07,07,292,17,08,15,189,29,1*61

$GPGSV,3,2,10,09,36,308,22,16,85,353,26,26,52,054,33,27,40,165,43,1*6E

$GPGSV,3,3,10,28,15,105,30,31,44,094,31,1*61

$GPGSV,1,1,02,26,52,054,16,27,40,165,20,6*65

$GPGSV,1,1,02,18,05,073,,29,03,031,,0*65

$GLGSV,2,1,07,65,50,291,24,66,14,334,23,72,37,203,21,73,06,068,15,1*7D

$GLGSV,2,2,07,74,43,045,30,75,57,309,28,76,10,264,11,1*49

$GLGSV,1,1,04,65,50,291,08,72,37,203,15,75,57,309,14,83,13,025,12,3*7C

$GLGSV,1,1,02,84,24,088,,85,07,138,,0*71

$GAGSV,1,1,03,04,32,162,29,06,56,179,09,24,40,241,21,2*4B

$GAGSV,2,1,06,04,32,162,36,05,33,311,16,06,56,179,39,09,70,229,34,7*72

$GAGSV,2,2,06,24,40,241,20,31,83,011,21,7*78

$GAGSV,1,1,02,13,01,021,,26,05,068,,0*79

$GBGSV,1,1,01,35,14,043,45,1*42

$GBGSV,1,1,01,35,14,043,08,B*38

$GQGSV,1,1,00,0*64

$GNGLL,4220.87872,N,07106.36881,W,203516.00,A,A*64

$GNRMC,203517.00,A,4220.87869,N,07106.36892,W,0.077,,081124,,,A,V*00

$GNVTG,,T,,M,0.077,N,0.143,K,A*3B

$GNGGA,203517.00,4220.87869,N,07106.36892,W,1,12,1.10,23.0,M,-33.2,M,,*45

$GNGSA,A,3,04,09,16,26,27,31,,,,,,,2.11,1.10,1.80,1*03

$GNGSA,A,3,74,75,72,,,,,,,,,,2.11,1.10,1.80,2*0D

$GNGSA,A,3,04,06,09,,,,,,,,,,2.11,1.10,1.80,3*03

$GNGSA,A,3,35,,,,,,,,,,,,2.11,1.10,1.80,4*09

$GNGSA,A,3,,,,,,,,,,,,,2.11,1.10,1.80,5*0E

$GPGSV,3,1,10,03,10,232,18,04,62,278,31,07,07,292,18,08,15,189,28,1*66

$GPGSV,3,2,10,09,36,308,21,16,85,353,27,26,52,054,32,27,40,165,38,1*61

$GPGSV,3,3,10,28,15,105,30,31,44,094,32,1*62

$GPGSV,1,1,02,26,52,054,16,27,40,165,19,6*6F

$GPGSV,1,1,02,18,05,073,,29,03,031,,0*65

$GLGSV,2,1,07,65,50,291,25,66,14,334,21,72,37,203,24,73,06,068,16,1*78

$GLGSV,2,2,07,74,43,045,30,75,57,309,28,76,10,264,12,1*4A

$GLGSV,1,1,04,65,50,291,08,72,37,203,16,75,57,309,14,83,13,025,09,3*75

$GLGSV,1,1,02,84,24,088,,85,07,138,,0*71

$GAGSV,1,1,03,04,32,162,28,06,56,179,09,24,40,241,21,2*4A

$GAGSV,2,1,06,04,32,162,36,05,33,311,15,06,56,179,39,09,70,229,34,7*71

$GAGSV,2,2,06,24,40,241,19,31,83,011,23,7*70

$GAGSV,1,1,02,13,01,021,,26,05,068,,0*79

$GBGSV,1,1,01,35,14,043,45,1*42

$GBGSV,1,1,01,35,14,043,09,B*39

$GQGSV,1,1,00,0*64

$GNGLL,4220.87869,N,07106.36892,W,203517.00,A,A*6D

$GNRMC,203518.00,A,4220.87867,N,07106.36910,W,0.143,,081124,,,A,V*0C

$GNVTG,,T,,M,0.143,N,0.265,K,A*3A

$GNGGA,203518.00,4220.87867,N,07106.36910,W,1,12,1.08,23.1,M,-33.2,M,,*47

$GNGSA,A,3,04,16,26,27,28,31,,,,,,,2.02,1.08,1.71,1*05

$GNGSA,A,3,74,75,72,,,,,,,,,,2.02,1.08,1.71,2*08

$GNGSA,A,3,04,06,09,,,,,,,,,,2.02,1.08,1.71,3*06

$GNGSA,A,3,35,,,,,,,,,,,,2.02,1.08,1.71,4*0C

$GNGSA,A,3,,,,,,,,,,,,,2.02,1.08,1.71,5*0B

$GPGSV,3,1,10,03,10,232,21,04,62,278,31,07,07,292,21,08,15,189,21,1*6F

$GPGSV,3,2,10,09,36,308,19,16,85,353,28,26,52,054,34,27,40,165,39,1*62

$GPGSV,3,3,10,28,15,105,30,31,44,094,33,1*63

$GPGSV,1,1,02,26,52,054,17,27,40,165,19,6*6E

$GPGSV,1,1,02,18,05,073,,29,03,031,,0*65

$GLGSV,2,1,07,65,50,291,23,66,14,334,19,72,37,203,25,73,06,068,17,1*75

$GLGSV,2,2,07,74,43,045,30,75,57,309,25,76,10,264,18,1*4D

$GLGSV,1,1,04,65,50,291,08,72,37,203,16,75,57,309,15,83,13,025,08,3*75

$GLGSV,1,1,02,84,24,088,,85,07,138,,0*71

$GAGSV,1,1,03,04,32,162,29,06,56,179,11,24,40,241,22,2*41

$GAGSV,2,1,06,04,32,162,37,05,33,311,15,06,56,179,40,09,70,229,37,7*7D

$GAGSV,2,2,06,24,40,241,20,31,83,011,30,7*78

$GAGSV,1,1,02,13,01,021,,26,05,068,,0*79

$GBGSV,1,1,01,35,14,043,44,1*43

$GBGSV,1,1,01,35,14,043,08,B*38

$GNTXT,01,01,01,NMEA unknown msg*46

$GQGSV,1,1,00,0*64

$GNGLL,4220.87867,N,07106.36910,W,203518.00,A,A*67

$GNRMC,203519.00,A,4220.87867,N,07106.36927,W,0.115,,081124,,,A,V*0A

$GNVTG,,T,,M,0.115,N,0.212,K,A*39

$GNGGA,203519.00,4220.87867,N,07106.36927,W,1,12,1.08,23.2,M,-33.2,M,,*41

$GNGSA,A,3,04,16,26,27,28,31,,,,,,,2.02,1.08,1.71,1*05

$GNGSA,A,3,74,75,72,,,,,,,,,,2.02,1.08,1.71,2*08

$GNGSA,A,3,04,06,09,,,,,,,,,,2.02,1.08,1.71,3*06

$GNGSA,A,3,35,,,,,,,,,,,,2.02,1.08,1.71,4*0C

$GNGSA,A,3,,,,,,,,,,,,,2.02,1.08,1.71,5*0B

$GPGSV,3,1,10,03,10,232,23,04,62,278,31,07,07,292,22,08,15,189,22,1*6D

$GPGSV,3,2,10,09,36,308,18,16,85,353,29,26,52,054,34,27,40,165,39,1*62

$GPGSV,3,3,10,28,15,105,31,31,44,094,32,1*63

$GPGSV,1,1,02,26,52,054,16,27,40,165,17,6*61

$GPGSV,1,1,02,18,05,073,,29,03,031,,0*65

$GLGSV,2,1,07,65,50,291,24,66,14,334,20,72,37,203,25,73,06,068,18,1*77

$GLGSV,2,2,07,74,43,045,30,75,57,309,25,76,10,264,22,1*44

$GLGSV,1,1,03,72,37,203,14,75,57,309,12,83,13,025,08,3*43

$GLGSV,1,1,02,84,24,088,,85,07,138,,0*71

$GAGSV,1,1,03,04,32,162,29,06,56,179,15,24,40,241,22,2*45

$GAGSV,2,1,06,04,32,162,37,05,33,311,16,06,56,179,40,09,70,229,36,7*7F

$GAGSV,2,2,06,24,40,241,22,31,83,011,29,7*72

$GAGSV,1,1,02,13,01,021,,26,05,068,,0*79

$GBGSV,1,1,01,35,14,043,44,1*43

$GBGSV,1,1,01,35,14,043,08,B*38

$GQGSV,1,1,00,0*64

$GNGLL,4220.87867,N,07106.36927,W,203519.00,A,A*62

$GNRMC,203520.00,A,4220.87867,N,07106.36950,W,0.144,,081124,,,A,V*04

$GNVTG,,T,,M,0.144,N,0.267,K,A*3F

$GNGGA,203520.00,4220.87867,N,07106.36950,W,1,12,1.08,23.0,M,-33.2,M,,*49

$GNGSA,A,3,04,16,26,27,28,31,,,,,,,2.02,1.08,1.71,1*05

$GNGSA,A,3,74,75,72,,,,,,,,,,2.02,1.08,1.71,2*08

$GNGSA,A,3,04,06,09,,,,,,,,,,2.02,1.08,1.71,3*06

$GNGSA,A,3,35,,,,,,,,,,,,2.02,1.08,1.71,4*0C

$GNGSA,A,3,,,,,,,,,,,,,2.02,1.08,1.71,5*0B

$GPGSV,3,1,10,03,10,232,25,04,62,278,32,07,07,292,22,08,15,189,21,1*6B

$GPGSV,3,2,10,09,36,308,16,16,85,353,29,26,52,054,35,27,40,165,40,1*63

$GPGSV,3,3,10,28,15,105,31,31,44,094,32,1*63

$GPGSV,1,1,02,26,52,054,16,27,40,165,16,6*60

$GPGSV,1,1,02,18,05,073,,29,03,031,,0*65

$GLGSV,2,1,07,65,50,291,25,66,14,334,22,72,37,203,30,73,06,068,18,1*70

$GLGSV,2,2,07,74,43,045,30,75,57,309,21,76,10,264,24,1*46

$GLGSV,1,1,03,72,37,203,09,75,57,309,09,83,13,025,07,3*4A

$GLGSV,1,1,02,84,24,088,,85,07,138,,0*71

$GAGSV,1,1,03,04,32,162,29,06,56,179,17,24,40,241,22,2*47

$GAGSV,2,1,06,04,32,162,36,05,33,311,18,06,56,179,40,09,70,229,36,7*70

$GAGSV,2,2,06,24,40,241,23,31,83,011,28,7*72

$GAGSV,1,1,02,13,01,020,,26,05,068,,0*78

$GBGSV,1,1,01,35,14,043,44,1*43

$GBGSV,1,1,01,35,14,043,09,B*39

$GQGSV,1,1,00,0*64

$GNGLL,4220.87867,N,07106.36950,W,203520.00,A,A*68

$GNRMC,203521.00,A,4220.87867,N,07106.36969,W,0.194,,081124,,,A,V*02

$GNVTG,,T,,M,0.194,N,0.359,K,A*3E

$GNGGA,203521.00,4220.87867,N,07106.36969,W,1,12,1.08,22.9,M,-33.2,M,,*4A

$GNGSA,A,3,04,16,26,27,28,31,,,,,,,2.02,1.08,1.71,1*05

$GNGSA,A,3,74,75,72,,,,,,,,,,2.02,1.08,1.71,2*08

$GNGSA,A,3,04,06,09,,,,,,,,,,2.02,1.08,1.71,3*06

$GNGSA,A,3,35,,,,,,,,,,,,2.02,1.08,1.71,4*0C

$GNGSA,A,3,,,,,,,,,,,,,2.02,1.08,1.71,5*0B

$GPGSV,3,1,10,03,10,232,25,04,62,278,32,07,07,292,22,08,15,189,19,1*60

$GPGSV,3,2,10,09,36,308,15,16,85,353,29,26,52,054,35,27,40,165,39,1*6E

$GPGSV,3,3,10,28,15,105,31,31,44,094,31,1*60

$GPGSV,1,1,02,26,52,054,16,27,40,165,15,6*63

$GPGSV,1,1,02,18,05,073,,29,03,031,,0*65

$GLGSV,2,1,07,65,50,291,25,66,14,334,26,72,37,203,29,73,06,068,17,1*73

$GLGSV,2,2,07,74,43,045,30,75,57,309,20,76,10,264,22,1*41

$GLGSV,1,1,02,75,57,309,09,83,13,025,07,3*72

$GLGSV,1,1,02,84,24,088,,85,07,138,,0*71

$GAGSV,1,1,03,04,32,162,28,06,56,179,16,24,40,241,22,2*47

$GAGSV,2,1,06,04,32,162,36,05,33,311,18,06,56,179,40,09,70,229,36,7*70

$GAGSV,2,2,06,24,40,241,23,31,83,011,27,7*7D

$GAGSV,1,1,02,13,01,020,,26,05,068,,0*78

$GBGSV,1,1,01,35,14,043,44,1*43

$GBGSV,1,1,01,35,14,043,08,B*38

$GQGSV,1,1,00,0*64

$GNGLL,4220.87867,N,07106.36969,W,203521.00,A,A*63

$GNRMC,203522.00,A,4220.87869,N,07106.36990,W,0.041,,081124,,,A,V*00

$GNVTG,,T,,M,0.041,N,0.075,K,A*3A

$GNGGA,203522.00,4220.87869,N,07106.36990,W,1,12,1.21,22.8,M,-33.2,M,,*4B

$GNGSA,A,3,04,16,26,27,28,31,,,,,,,2.12,1.21,1.74,1*0A

$GNGSA,A,3,74,72,,,,,,,,,,,2.12,1.21,1.74,2*05

$GNGSA,A,3,04,06,09,,,,,,,,,,2.12,1.21,1.74,3*09

$GNGSA,A,3,35,,,,,,,,,,,,2.12,1.21,1.74,4*03

$GNGSA,A,3,,,,,,,,,,,,,2.12,1.21,1.74,5*04

$GPGSV,3,1,10,03,10,232,26,04,62,278,32,07,07,292,22,08,15,189,21,1*68

$GPGSV,3,2,10,09,36,308,14,16,85,353,28,26,52,054,36,27,40,165,39,1*6D

$GPGSV,3,3,10,28,15,105,31,31,44,094,32,1*63

$GPGSV,1,1,02,26,52,054,15,27,40,165,16,6*63

$GPGSV,1,1,02,18,05,073,,29,03,031,,0*65

$GLGSV,2,1,07,65,50,291,25,66,14,334,28,72,37,203,28,73,06,068,16,1*7D

$GLGSV,2,2,07,74,43,045,29,75,57,309,18,76,10,264,19,1*4A

$GLGSV,1,1,02,75,57,309,14,83,13,025,06,3*7F

$GLGSV,1,1,02,84,24,088,,85,07,138,,0*71

$GAGSV,1,1,03,04,32,162,29,06,56,179,16,24,40,241,22,2*46

$GAGSV,2,1,06,04,32,162,36,05,33,311,18,06,56,179,40,09,70,229,36,7*70

$GAGSV,2,2,06,24,40,241,23,31,83,011,27,7*7D

$GAGSV,1,1,02,13,01,020,,26,05,068,,0*78

$GBGSV,1,1,01,35,14,043,44,1*43

$GBGSV,1,1,01,35,14,043,08,B*38

$GQGSV,1,1,00,0*64

$GNGLL,4220.87869,N,07106.36990,W,203522.00,A,A*68

$GNRMC,203523.00,A,4220.87870,N,07106.37007,W,0.083,,081124,,,A,V*01

$GNVTG,,T,,M,0.083,N,0.154,K,A*36

$GNGGA,203523.00,4220.87870,N,07106.37007,W,1,12,1.21,22.7,M,-33.2,M,,*4B

$GNGSA,A,3,04,16,26,27,28,31,,,,,,,2.12,1.21,1.74,1*0A

$GNGSA,A,3,74,72,,,,,,,,,,,2.12,1.21,1.74,2*05

$GNGSA,A,3,04,06,09,,,,,,,,,,2.12,1.21,1.74,3*09

$GNGSA,A,3,35,,,,,,,,,,,,2.12,1.21,1.74,4*03

$GNGSA,A,3,,,,,,,,,,,,,2.12,1.21,1.74,5*04

$GPGSV,3,1,10,03,10,232,26,04,62,278,31,07,07,292,21,08,15,189,30,1*68

$GPGSV,3,2,10,09,36,308,12,16,85,353,27,26,52,054,36,27,40,165,40,1*6A

$GPGSV,3,3,10,28,15,105,31,31,44,094,31,1*60

$GPGSV,1,1,02,26,52,054,14,27,40,165,17,6*63

$GPGSV,1,1,02,18,05,073,,29,03,031,,0*65

$GLGSV,2,1,07,65,50,291,25,66,14,334,30,72,37,203,27,73,06,068,17,1*7A

$GLGSV,2,2,07,74,43,045,30,75,57,309,16,76,10,264,16,1*43

$GLGSV,1,1,02,75,57,309,16,83,13,025,07,3*7C

$GLGSV,1,1,02,84,24,088,,85,07,138,,0*71

$GAGSV,1,1,03,04,32,162,29,06,56,179,15,24,40,241,22,2*45

$GAGSV,2,1,06,04,32,162,36,05,33,311,18,06,56,179,39,09,70,229,36,7*7E

$GAGSV,2,2,06,24,40,241,23,31,83,011,26,7*7C

$GAGSV,1,1,02,13,01,020,,26,05,068,,0*78

$GBGSV,1,1,01,35,14,043,43,1*44

$GQGSV,1,1,00,0*64

$GNGLL,4220.87870,N,07106.37007,W,203523.00,A,A*67

$GNRMC,203524.00,A,4220.87871,N,07106.37021,W,0.136,,081124,,,A,V*0C

$GNVTG,,T,,M,0.136,N,0.252,K,A*3C

$GNGGA,203524.00,4220.87871,N,07106.37021,W,1,12,1.21,22.6,M,-33.2,M,,*48

$GNGSA,A,3,04,16,26,27,28,31,,,,,,,2.12,1.21,1.74,1*0A

$GNGSA,A,3,74,72,,,,,,,,,,,2.12,1.21,1.74,2*05

$GNGSA,A,3,04,06,09,,,,,,,,,,2.12,1.21,1.74,3*09

$GNGSA,A,3,35,,,,,,,,,,,,2.12,1.21,1.74,4*03

$GNGSA,A,3,,,,,,,,,,,,,2.12,1.21,1.74,5*04

$GPGSV,3,1,10,03,10,232,26,04,62,278,30,07,07,292,21,08,15,189,34,1*6D

$GPGSV,3,2,10,09,36,308,14,16,85,353,27,26,52,054,37,27,40,165,38,1*62

$GPGSV,3,3,10,28,15,105,31,31,44,094,30,1*61

$GPGSV,1,1,02,26,52,054,14,27,40,165,17,6*63

$GPGSV,1,1,02,18,05,073,,29,03,031,,0*65

$GLGSV,2,1,07,65,50,291,23,66,14,334,30,72,37,203,28,73,06,068,19,1*7D

$GLGSV,2,2,07,74,43,045,30,75,57,309,17,76,10,264,12,1*46

$GLGSV,1,1,01,75,57,309,16,3*46

$GLGSV,1,1,03,83,13,025,,84,24,088,,85,07,138,,0*4E

$GAGSV,1,1,03,04,32,162,28,06,56,179,14,24,40,242,21,2*45

$GAGSV,2,1,06,04,32,162,36,05,33,311,18,06,56,179,38,09,70,229,35,7*7C

$GAGSV,2,2,06,24,40,242,24,31,83,011,25,7*7B

$GAGSV,1,1,02,13,01,020,,26,05,068,,0*78

$GBGSV,1,1,01,35,14,043,45,1*42

$GQGSV,1,1,00,0*64

$GNGLL,4220.87871,N,07106.37021,W,203524.00,A,A*65

$GNRMC,203525.00,A,4220.87872,N,07106.37037,W,0.048,,081124,,,A,V*01

$GNVTG,,T,,M,0.048,N,0.089,K,A*30

$GNGGA,203525.00,4220.87872,N,07106.37037,W,1,12,1.21,22.5,M,-33.2,M,,*4E

$GNGSA,A,3,04,16,26,27,28,31,,,,,,,2.12,1.21,1.74,1*0A

$GNGSA,A,3,74,72,,,,,,,,,,,2.12,1.21,1.74,2*05

$GNGSA,A,3,04,06,09,,,,,,,,,,2.12,1.21,1.74,3*09

$GNGSA,A,3,35,,,,,,,,,,,,2.12,1.21,1.74,4*03

$GNGSA,A,3,,,,,,,,,,,,,2.12,1.21,1.74,5*04

$GPGSV,3,1,10,03,10,232,27,04,62,278,30,07,07,292,21,08,15,189,31,1*69

$GPGSV,3,2,10,09,36,308,16,16,85,353,25,26,52,054,38,27,40,165,38,1*6D

$GPGSV,3,3,10,28,15,105,32,31,44,094,31,1*63

$GPGSV,1,1,02,26,52,054,13,27,40,165,18,6*6B

$GPGSV,1,1,02,18,05,073,,29,03,031,,0*65

$GLGSV,2,1,07,65,50,291,23,66,14,334,30,72,37,203,28,73,06,068,19,1*7D

$GLGSV,2,2,07,74,43,045,30,75,57,309,19,76,10,264,16,1*4C

$GLGSV,1,1,01,75,57,309,16,3*46

$GLGSV,1,1,03,83,13,025,,84,24,088,,85,07,138,,0*4E

$GAGSV,1,1,03,04,32,162,28,06,56,179,13,24,40,242,22,2*41

$GAGSV,2,1,06,04,32,162,35,05,33,311,16,06,56,179,38,09,70,229,35,7*71

$GAGSV,2,2,06,24,40,242,24,31,83,011,25,7*7B

$GAGSV,1,1,02,13,01,020,,26,05,068,,0*78

$GBGSV,1,1,01,35,14,043,45,1*42

$GBGSV,1,1,01,35,14,043,13,B*32

$GQGSV,1,1,00,0*64

$GNGLL,4220.87872,N,07106.37037,W,203525.00,A,A*60

$GNRMC,203526.00,A,4220.87871,N,07106.37052,W,0.065,,081124,,,A,V*0D

$GNVTG,,T,,M,0.065,N,0.121,K,A*3C

$GNGGA,203526.00,4220.87871,N,07106.37052,W,1,12,1.08,22.4,M,-33.2,M,,*47

$GNGSA,A,3,04,16,26,27,28,31,,,,,,,2.02,1.08,1.71,1*05

$GNGSA,A,3,74,75,72,,,,,,,,,,2.02,1.08,1.71,2*08

$GNGSA,A,3,04,06,09,,,,,,,,,,2.02,1.08,1.71,3*06

$GNGSA,A,3,35,,,,,,,,,,,,2.02,1.08,1.71,4*0C

$GNGSA,A,3,,,,,,,,,,,,,2.02,1.08,1.71,5*0B

$GPGSV,3,1,10,03,10,232,28,04,62,278,31,07,07,292,19,08,15,189,32,1*6F

$GPGSV,3,2,10,09,36,308,18,16,85,353,25,26,52,054,37,27,40,165,38,1*6C

$GPGSV,3,3,10,28,15,105,32,31,44,094,31,1*63

$GPGSV,1,1,02,26,52,054,14,27,40,165,18,6*6C

$GPGSV,1,1,02,18,05,073,,29,03,031,,0*65

$GLGSV,2,1,07,65,50,291,23,66,14,334,30,72,37,203,29,73,06,068,17,1*72

$GLGSV,2,2,07,74,43,045,30,75,57,309,22,76,10,264,23,1*42

$GLGSV,1,1,01,75,57,309,16,3*46

$GLGSV,1,1,03,83,13,025,,84,24,088,,85,07,138,,0*4E

$GAGSV,1,1,03,04,32,162,29,06,56,179,15,24,40,242,22,2*46

$GAGSV,2,1,06,04,32,162,35,05,33,311,16,06,56,179,38,09,70,229,35,7*71

$GAGSV,2,2,06,24,40,242,23,31,83,011,24,7*7D

$GAGSV,1,1,02,13,01,020,,26,05,067,,0*77

$GBGSV,1,1,01,35,14,043,45,1*42

$GBGSV,1,1,01,35,14,043,10,B*31

$GQGSV,1,1,00,0*64

$GNGLL,4220.87871,N,07106.37052,W,203526.00,A,A*63

$GNRMC,203527.00,A,4220.87870,N,07106.37069,W,0.151,,081124,,,A,V*03

$GNVTG,,T,,M,0.151,N,0.280,K,A*32

$GNGGA,203527.00,4220.87870,N,07106.37069,W,1,12,0.86,22.2,M,-33.2,M,,*4E

$GNGSA,A,3,04,09,16,26,27,28,31,,,,,,1.70,0.86,1.46,1*09

$GNGSA,A,3,74,75,72,,,,,,,,,,1.70,0.86,1.46,2*0D

$GNGSA,A,3,04,06,09,,,,,,,,,,1.70,0.86,1.46,3*03

$GNGSA,A,3,35,,,,,,,,,,,,1.70,0.86,1.46,4*09

$GNGSA,A,3,,,,,,,,,,,,,1.70,0.86,1.46,5*0E

$GPGSV,3,1,10,03,10,232,27,04,62,278,31,07,07,292,18,08,15,189,32,1*61

$GPGSV,3,2,10,09,36,308,20,16,85,353,25,26,52,054,37,27,40,165,39,1*66

$GPGSV,3,3,10,28,15,105,31,31,44,094,32,1*63

$GPGSV,1,1,02,26,52,054,16,27,40,165,18,6*6E

$GPGSV,1,1,02,18,05,073,,29,03,031,,0*65

$GLGSV,2,1,07,65,50,291,24,66,14,334,29,72,37,203,30,73,06,068,18,1*7A

$GLGSV,2,2,07,74,43,045,30,75,57,309,23,76,10,264,25,1*45

$GLGSV,1,1,02,72,37,203,19,75,57,309,16,3*7D

$GLGSV,1,1,03,83,13,025,,84,24,088,,85,07,138,,0*4E

$GAGSV,1,1,03,04,32,162,29,06,56,179,13,24,40,242,21,2*43

$GAGSV,2,1,06,04,32,162,36,05,33,311,16,06,56,179,38,09,70,229,35,7*72

$GAGSV,2,2,06,24,40,242,23,31,83,011,23,7*7A

$GAGSV,1,1,02,13,01,020,,26,05,067,,0*77

$GBGSV,1,1,01,35,14,043,45,1*42

$GBGSV,1,1,01,35,14,043,11,B*30

$GNTXT,01,01,01,NMEA unknown msg*46

$GQGSV,1,1,00,0*64

$GNGLL,4220.87870,N,07106.37069,W,203527.00,A,A*6B

$GNRMC,203528.00,A,4220.87868,N,07106.37087,W,0.019,,081124,,,A,V*08

$GNVTG,,T,,M,0.019,N,0.036,K,A*30

$GNGGA,203528.00,4220.87868,N,07106.37087,W,1,12,0.86,21.9,M,-33.2,M,,*40

$GNGSA,A,3,04,09,16,26,27,28,31,,,,,,1.70,0.86,1.46,1*09

$GNGSA,A,3,74,75,72,,,,,,,,,,1.70,0.86,1.46,2*0D

$GNGSA,A,3,04,06,09,,,,,,,,,,1.70,0.86,1.46,3*03

$GNGSA,A,3,35,,,,,,,,,,,,1.70,0.86,1.46,4*09

$GNGSA,A,3,,,,,,,,,,,,,1.70,0.86,1.46,5*0E

$GPGSV,3,1,10,03,10,232,28,04,62,278,30,07,07,292,16,08,15,189,30,1*63

$GPGSV,3,2,10,09,36,308,21,16,85,353,25,26,52,054,37,27,40,165,37,1*69

$GPGSV,3,3,10,28,15,105,30,31,44,094,31,1*61

$GPGSV,1,1,01,31,44,094,15,5*5A

$GPGSV,1,1,02,26,52,054,15,27,40,165,18,6*6D

$GPGSV,1,1,02,18,05,073,,29,03,031,,0*65

$GLGSV,2,1,07,65,50,291,26,66,14,334,29,72,37,203,32,73,06,068,18,1*7A

$GLGSV,2,2,07,74,43,045,30,75,57,309,25,76,10,264,26,1*40

$GLGSV,1,1,02,72,37,203,15,75,57,309,16,3*71

$GLGSV,1,1,03,83,13,025,,84,24,088,,85,07,138,,0*4E

$GAGSV,1,1,03,04,32,162,29,06,56,179,14,24,40,242,22,2*47

$GAGSV,2,1,06,04,32,162,32,05,33,311,14,06,56,179,37,09,70,229,35,7*7B

$GAGSV,2,2,06,24,40,242,22,31,83,011,20,7*78

$GAGSV,1,1,02,13,01,020,,26,05,067,,0*77

$GBGSV,1,1,01,35,14,043,44,1*43

$GBGSV,1,1,01,35,14,043,09,B*39

$GQGSV,1,1,00,0*64

$GNGLL,4220.87868,N,07106.37087,W,203528.00,A,A*6D

$GNRMC,203529.00,A,4220.87867,N,07106.37103,W,0.101,,081124,,,A,V*03

$GNVTG,,T,,M,0.101,N,0.188,K,A*3C

$GNGGA,203529.00,4220.87867,N,07106.37103,W,1,12,0.86,21.7,M,-33.2,M,,*4D

$GNGSA,A,3,04,09,16,26,27,28,31,,,,,,1.70,0.86,1.46,1*09

$GNGSA,A,3,74,75,72,,,,,,,,,,1.70,0.86,1.46,2*0D

$GNGSA,A,3,04,06,09,,,,,,,,,,1.70,0.86,1.46,3*03

$GNGSA,A,3,35,,,,,,,,,,,,1.70,0.86,1.46,4*09

$GNGSA,A,3,,,,,,,,,,,,,1.70,0.86,1.46,5*0E

$GPGSV,3,1,10,03,10,232,27,04,62,278,31,07,07,292,16,08,15,189,29,1*65

$GPGSV,3,2,10,09,36,308,21,16,85,353,25,26,52,054,37,27,40,165,39,1*67

$GPGSV,3,3,10,28,15,105,30,31,44,094,31,1*61

$GPGSV,1,1,03,26,52,054,15,27,40,165,18,31,44,094,13,6*51

$GPGSV,1,1,02,18,05,073,,29,03,031,,0*65

$GLGSV,2,1,08,65,50,291,25,66,14,334,27,72,37,203,33,73,06,068,20,1*72

$GLGSV,2,2,08,74,43,045,30,75,57,309,25,76,10,264,27,85,07,138,19,1*76

$GLGSV,1,1,02,72,37,203,12,75,57,309,16,3*76

$GLGSV,1,1,02,83,13,025,,84,24,088,,0*7F

$GAGSV,1,1,03,04,32,162,29,06,56,179,14,24,40,242,22,2*47

$GAGSV,2,1,06,04,32,162,33,05,33,311,13,06,56,179,38,09,70,229,35,7*72

$GAGSV,2,2,06,24,40,242,23,31,83,011,20,7*79

$GAGSV,1,1,02,13,01,020,,26,05,067,,0*77

$GBGSV,1,1,01,35,14,043,44,1*43

$GBGSV,1,1,01,35,14,043,10,B*31

$GQGSV,1,1,00,0*64

$GNGLL,4220.87867,N,07106.37103,W,203529.00,A,A*6E

$GNRMC,203530.00,A,4220.87867,N,07106.37119,W,0.033,,081124,,,A,V*00

$GNVTG,,T,,M,0.033,N,0.060,K,A*3B

$GNGGA,203530.00,4220.87867,N,07106.37119,W,1,12,0.86,21.5,M,-33.2,M,,*4C

$GNGSA,A,3,04,09,16,26,27,28,31,,,,,,1.70,0.86,1.46,1*09

$GNGSA,A,3,74,75,72,,,,,,,,,,1.70,0.86,1.46,2*0D

$GNGSA,A,3,04,06,09,,,,,,,,,,1.70,0.86,1.46,3*03

$GNGSA,A,3,35,,,,,,,,,,,,1.70,0.86,1.46,4*09

$GNGSA,A,3,,,,,,,,,,,,,1.70,0.86,1.46,5*0E

$GPGSV,3,1,10,03,10,232,27,04,62,278,31,07,07,292,15,08,15,189,30,1*6E

$GPGSV,3,2,10,09,36,308,21,16,85,353,25,26,52,054,37,27,40,165,38,1*66

$GPGSV,3,3,10,28,15,105,30,31,44,094,32,1*62

$GPGSV,1,1,02,26,52,054,15,27,40,165,19,6*6C

$GPGSV,1,1,02,18,05,073,,29,03,031,,0*65

$GLGSV,2,1,08,65,50,291,24,66,14,334,25,72,37,203,32,73,06,068,21,1*71

$GLGSV,2,2,08,74,43,045,29,75,57,309,26,76,10,264,26,85,07,138,20,1*76

$GLGSV,1,1,02,72,37,203,10,75,57,309,17,3*75

$GLGSV,1,1,02,83,13,025,,84,24,088,,0*7F

$GAGSV,1,1,04,04,32,162,29,06,56,179,13,09,70,229,13,24,40,242,21,2*71

$GAGSV,2,1,06,04,32,162,34,05,33,311,11,06,56,179,38,09,70,229,35,7*77

$GAGSV,2,2,06,24,40,242,22,31,82,013,21,7*7A

$GAGSV,1,1,02,13,01,020,,26,05,067,,0*77

$GBGSV,1,1,01,35,14,043,45,1*42

$GBGSV,1,1,01,35,14,043,12,B*33

$GQGSV,1,1,00,0*64

$GNGLL,4220.87867,N,07106.37119,W,203530.00,A,A*6D

$GNRMC,203531.00,A,4220.87865,N,07106.37133,W,0.052,,081124,,,A,V*0C

$GNVTG,,T,,M,0.052,N,0.096,K,A*35

$GNGGA,203531.00,4220.87865,N,07106.37133,W,1,12,0.86,21.3,M,-33.2,M,,*41

$GNGSA,A,3,04,09,16,26,27,28,31,,,,,,1.70,0.86,1.46,1*09

$GNGSA,A,3,74,75,72,,,,,,,,,,1.70,0.86,1.46,2*0D

$GNGSA,A,3,04,06,09,,,,,,,,,,1.70,0.86,1.46,3*03

$GNGSA,A,3,35,,,,,,,,,,,,1.70,0.86,1.46,4*09

$GNGSA,A,3,,,,,,,,,,,,,1.70,0.86,1.46,5*0E

$GPGSV,3,1,10,03,10,232,28,04,62,278,31,07,07,292,14,08,15,189,32,1*62

$GPGSV,3,2,10,09,36,308,23,16,85,353,24,26,52,054,38,27,40,165,36,1*64

$GPGSV,3,3,10,28,15,105,30,31,44,094,31,1*61

$GPGSV,1,1,02,09,36,308,16,28,15,105,14,5*6D

$GPGSV,1,1,02,26,52,054,15,27,40,165,20,6*66

$GPGSV,1,1,02,18,05,073,,29,03,031,,0*65

$GLGSV,2,1,08,65,50,291,23,66,14,334,22,72,37,203,33,73,06,068,20,1*71

$GLGSV,2,2,08,74,43,045,29,75,57,309,26,76,10,264,24,85,07,138,18,1*7F

$GLGSV,1,1,03,72,37,203,09,75,57,309,18,85,07,138,15,3*47

$GLGSV,1,1,02,83,13,025,,84,24,088,,0*7F

$GAGSV,1,1,04,04,32,162,29,06,56,179,16,09,70,229,15,24,40,242,22,2*71

$GAGSV,2,1,06,04,32,162,36,05,33,311,09,06,56,179,37,09,70,229,34,7*72

$GAGSV,2,2,06,24,40,242,22,31,82,013,21,7*7A

$GAGSV,1,1,03,13,01,020,,26,05,067,,33,00,111,,0*47

$GBGSV,1,1,01,35,14,043,45,1*42

$GBGSV,1,1,01,35,14,043,09,B*39

$GQGSV,1,1,00,0*64

$GNGLL,4220.87865,N,07106.37133,W,203531.00,A,A*66

$GNRMC,203532.00,A,4220.87866,N,07106.37150,W,0.102,,081124,,,A,V*0D

$GNVTG,,T,,M,0.102,N,0.190,K,A*36

$GNGGA,203532.00,4220.87866,N,07106.37150,W,1,12,0.86,21.1,M,-33.2,M,,*46

$GNGSA,A,3,04,09,16,26,27,28,31,,,,,,1.70,0.86,1.46,1*09

$GNGSA,A,3,74,75,72,,,,,,,,,,1.70,0.86,1.46,2*0D

$GNGSA,A,3,04,06,09,,,,,,,,,,1.70,0.86,1.46,3*03

$GNGSA,A,3,35,,,,,,,,,,,,1.70,0.86,1.46,4*09

$GNGSA,A,3,,,,,,,,,,,,,1.70,0.86,1.46,5*0E

$GPGSV,3,1,10,03,10,232,27,04,62,278,31,07,07,292,14,08,15,189,35,1*6A

$GPGSV,3,2,10,09,36,308,23,16,85,353,24,26,52,054,39,27,40,165,35,1*66

$GPGSV,3,3,10,28,15,105,30,31,44,094,30,1*60

$GPGSV,1,1,01,08,15,189,14,5*58

$GPGSV,2,1,06,04,62,278,14,07,07,292,14,09,36,308,14,26,52,054,16,6*65

$GPGSV,2,2,06,27,40,165,20,28,15,105,14,6*6B

$GPGSV,1,1,02,18,05,073,,29,03,031,,0*65

$GLGSV,2,1,08,65,50,291,25,66,14,334,20,72,37,203,30,73,06,068,19,1*7C

$GLGSV,2,2,08,74,43,045,29,75,57,309,23,76,10,264,22,85,07,138,17,1*73

$GLGSV,1,1,03,72,37,203,09,75,57,309,18,85,07,138,13,3*41

$GLGSV,1,1,02,83,13,025,,84,24,088,,0*7F

$GAGSV,1,1,04,04,32,162,30,06,56,179,16,09,70,229,16,24,40,242,22,2*7A

$GAGSV,2,1,05,04,32,162,28,06,56,179,39,09,70,229,37,24,40,242,21,7*79

$GAGSV,2,2,05,31,82,013,21,7*4F

$GAGSV,1,1,04,05,33,311,,13,01,020,,26,05,067,,33,00,111,,0*76

$GBGSV,1,1,01,35,14,043,47,1*40

$GBGSV,1,1,01,35,14,043,08,B*38

$GQGSV,1,1,00,0*64

$GNGLL,4220.87866,N,07106.37150,W,203532.00,A,A*63

$GNRMC,203533.00,A,4220.87864,N,07106.37163,W,0.042,,081124,,,A,V*0B

$GNVTG,,T,,M,0.042,N,0.078,K,A*34

$GNGGA,203533.00,4220.87864,N,07106.37163,W,1,12,0.86,21.0,M,-33.2,M,,*44

$GNGSA,A,3,04,09,16,26,27,28,31,,,,,,1.70,0.86,1.46,1*09

$GNGSA,A,3,74,75,72,,,,,,,,,,1.70,0.86,1.46,2*0D

$GNGSA,A,3,04,06,09,,,,,,,,,,1.70,0.86,1.46,3*03

$GNGSA,A,3,35,,,,,,,,,,,,1.70,0.86,1.46,4*09

$GNGSA,A,3,,,,,,,,,,,,,1.70,0.86,1.46,5*0E

$GPGSV,3,1,10,03,10,232,25,04,62,278,31,07,07,292,15,08,15,189,31,1*6D

$GPGSV,3,2,10,09,36,308,25,16,85,353,23,26,52,054,34,27,40,165,38,1*67

$GPGSV,3,3,10,28,15,105,30,31,44,094,32,1*62

$GPGSV,1,1,02,08,15,189,15,29,03,031,13,5*62

$GPGSV,2,1,06,04,62,278,12,07,07,292,11,09,36,308,10,26,52,054,17,6*63

$GPGSV,2,2,06,27,40,165,20,28,15,105,12,6*6D

$GPGSV,1,1,01,18,05,073,,0*5C

$GLGSV,2,1,08,65,50,291,26,66,14,334,19,72,37,203,32,73,06,068,19,1*77

$GLGSV,2,2,08,74,43,045,30,75,57,309,23,76,10,264,23,85,07,138,17,1*7A

$GLGSV,1,1,03,72,37,203,08,75,57,309,19,85,07,138,13,3*41

$GLGSV,1,1,02,83,13,025,,84,24,088,,0*7F

$GAGSV,1,1,04,04,32,162,30,06,56,179,16,09,70,229,17,24,40,242,21,2*78

$GAGSV,2,1,05,04,32,162,33,06,56,179,38,09,70,229,38,24,40,242,22,7*7E

$GAGSV,2,2,05,31,82,013,18,7*45

$GAGSV,1,1,04,05,33,311,,13,01,020,,26,05,067,,33,00,111,,0*76

$GBGSV,1,1,01,35,14,043,46,1*41

$GBGSV,1,1,01,35,14,043,08,B*38

$GQGSV,1,1,00,0*64

$GNGLL,4220.87864,N,07106.37163,W,203533.00,A,A*60

$GNRMC,203534.00,A,4220.87862,N,07106.37175,W,0.019,,081124,,,A,V*03

$GNVTG,,T,,M,0.019,N,0.035,K,A*33

$GNGGA,203534.00,4220.87862,N,07106.37175,W,1,12,0.86,20.8,M,-33.2,M,,*4B

$GNGSA,A,3,04,09,16,26,27,28,31,,,,,,1.70,0.86,1.46,1*09

$GNGSA,A,3,74,75,72,,,,,,,,,,1.70,0.86,1.46,2*0D

$GNGSA,A,3,04,06,09,,,,,,,,,,1.70,0.86,1.46,3*03

$GNGSA,A,3,35,,,,,,,,,,,,1.70,0.86,1.46,4*09

$GNGSA,A,3,,,,,,,,,,,,,1.70,0.86,1.46,5*0E

$GPGSV,3,1,10,03,10,232,23,04,62,278,31,07,07,292,12,08,15,189,30,1*6D

$GPGSV,3,2,10,09,36,308,26,16,85,353,24,26,52,054,35,27,40,165,38,1*62

$GPGSV,3,3,10,28,15,105,28,31,44,094,33,1*6A

$GPGSV,1,1,01,31,44,094,12,5*5D

$GPGSV,2,1,07,04,62,278,09,07,07,292,08,08,15,189,15,26,52,054,18,6*61

$GPGSV,2,2,07,27,40,165,19,28,15,105,10,29,03,031,10,6*5F

$GPGSV,1,1,01,18,05,073,,0*5C

$GLGSV,2,1,08,65,50,291,26,66,14,334,20,72,37,203,33,73,06,068,19,1*7C

$GLGSV,2,2,08,74,43,045,31,75,57,309,25,76,10,264,25,85,07,138,17,1*7B

$GLGSV,1,1,03,72,37,203,08,75,57,309,20,85,07,138,10,3*48

$GLGSV,1,1,02,83,13,025,,84,24,088,,0*7F

$GAGSV,1,1,04,04,32,162,30,06,56,179,16,09,70,229,17,24,40,242,20,2*79

$GAGSV,2,1,05,04,32,162,33,06,56,179,38,09,70,229,38,24,40,242,23,7*7F

$GAGSV,2,2,05,31,82,013,17,7*4A

$GAGSV,1,1,04,05,33,311,,13,01,020,,26,05,067,,33,00,111,,0*76

$GBGSV,1,1,01,35,14,043,46,1*41

$GBGSV,1,1,01,35,14,043,08,B*38

$GQGSV,1,1,00,0*64

$GNGLL,4220.87862,N,07106.37175,W,203534.00,A,A*66

$GNRMC,203535.00,A,4220.87858,N,07106.37183,W,0.089,,081124,,,A,V*0B

$GNVTG,,T,,M,0.089,N,0.165,K,A*3E

$GNGGA,203535.00,4220.87858,N,07106.37183,W,1,12,0.86,20.7,M,-33.2,M,,*45

$GNGSA,A,3,04,09,16,26,27,28,31,,,,,,1.70,0.86,1.46,1*09

$GNGSA,A,3,74,75,72,,,,,,,,,,1.70,0.86,1.46,2*0D

$GNGSA,A,3,04,06,09,,,,,,,,,,1.70,0.86,1.46,3*03

$GNGSA,A,3,35,,,,,,,,,,,,1.70,0.86,1.46,4*09

$GNGSA,A,3,,,,,,,,,,,,,1.70,0.86,1.46,5*0E

$GPGSV,3,1,10,03,10,232,21,04,62,278,31,07,07,292,09,08,15,189,30,1*65

$GPGSV,3,2,10,09,36,308,27,16,85,353,26,26,52,054,36,27,40,165,37,1*6D

$GPGSV,3,3,10,28,15,105,27,31,44,094,33,1*65

$GPGSV,2,1,05,08,15,189,13,26,52,054,18,27,40,165,18,28,15,105,08,6*68

$GPGSV,2,2,05,31,44,094,09,6*50

$GPGSV,1,1,02,18,05,073,,29,03,031,,0*65

$GLGSV,2,1,08,65,50,291,27,66,14,334,22,72,37,203,34,73,06,068,19,1*78

$GLGSV,2,2,08,74,43,045,30,75,57,309,25,76,10,264,25,85,07,138,16,1*7B

$GLGSV,1,1,03,72,37,203,09,75,57,309,20,85,07,138,08,3*40

$GLGSV,1,1,02,83,13,025,,84,24,088,,0*7F

$GAGSV,1,1,04,04,32,162,31,06,56,179,15,09,70,229,18,24,40,242,19,2*7E

$GAGSV,2,1,05,04,32,162,32,06,56,179,36,09,70,229,38,24,40,242,23,7*70

$GAGSV,2,2,05,31,82,013,15,7*48

$GAGSV,1,1,04,05,33,311,,13,01,020,,26,05,067,,33,00,111,,0*76

$GBGSV,1,1,01,35,14,043,45,1*42

$GBGSV,1,1,01,35,14,043,08,B*38

$GQGSV,1,1,00,0*64

$GNGLL,4220.87858,N,07106.37183,W,203535.00,A,A*67

$GNRMC,203536.00,A,4220.87854,N,07106.37189,W,0.073,,081124,,,A,V*0B

$GNVTG,,T,,M,0.073,N,0.135,K,A*3E

$GNGGA,203536.00,4220.87854,N,07106.37189,W,1,12,0.86,20.5,M,-33.2,M,,*42

$GNGSA,A,3,04,09,16,26,27,28,31,,,,,,1.70,0.86,1.46,1*09

$GNGSA,A,3,74,75,72,,,,,,,,,,1.70,0.86,1.46,2*0D

$GNGSA,A,3,04,06,09,,,,,,,,,,1.70,0.86,1.46,3*03

$GNGSA,A,3,35,,,,,,,,,,,,1.70,0.86,1.46,4*09

$GNTXT,01,01,01,NMEA unknown msg*46

$GNGSA,A,3,,,,,,,,,,,,,1.70,0.86,1.46,5*0E

$GNTXT,01,01,01,NMEA unknown msg*46

$GPGSV,3,1,10,03,10,232,20,04,62,278,30,07,07,292,08,08,15,189,25,1*60

$GPGSV,3,2,10,09,36,308,25,16,85,353,25,26,52,054,34,27,40,165,37,1*6E

$GPGSV,3,3,10,28,15,105,25,31,44,094,32,1*66

$GPGSV,2,1,05,08,15,189,12,26,52,054,18,27,40,165,19,28,15,105,07,6*67

$GPGSV,2,2,05,31,44,094,08,6*51

$GPGSV,1,1,02,18,05,073,,29,03,031,,0*65

$GLGSV,2,1,08,65,50,291,27,66,14,334,23,72,37,203,35,73,06,068,18,1*79

$GLGSV,2,2,08,74,43,045,29,75,57,309,24,76,10,264,25,85,07,138,14,1*70

$GLGSV,1,1,04,65,50,291,14,72,37,203,11,75,57,309,20,85,07,138,09,3*76

$GLGSV,1,1,02,83,13,025,,84,24,088,,0*7F

$GAGSV,1,1,04,04,32,162,30,06,56,179,13,09,70,229,18,24,40,242,20,2*73

$GAGSV,2,1,05,04,32,162,30,06,56,179,36,09,70,229,34,24,40,242,21,7*7C

$GAGSV,2,2,05,31,82,013,15,7*48

$GAGSV,1,1,04,05,33,311,,13,01,020,,26,05,067,,33,00,111,,0*76

$GBGSV,1,1,01,35,14,043,44,1*43

$GBGSV,1,1,01,35,14,043,08,B*38

$GQGSV,1,1,00,0*64

$GNGLL,4220.87854,N,07106.37189,W,203536.00,A,A*62

                                                                                                                                                                                                                                                                                                                                                                                                                                                                                                                                                                                                                                                                                                                                                                                                                                                                                                                                                                                                                                                                                                                                                                                                                                                                                                                                                                                                                                                                                                                                                                                                                                                                                                                                                                                                                                                                                                                                                                                                                                                                                                                                                                                                                                                                                                                          